{"/Users/jeffbridwell/CascadeProjects/personal-website/public/js/gallery.js": {"path":"/Users/jeffbridwell/CascadeProjects/personal-website/public/js/gallery.js","statementMap":{"0":{"start":{"line":4,"column":8},"end":{"line":4,"column":62}},"1":{"start":{"line":5,"column":8},"end":{"line":5,"column":63}},"2":{"start":{"line":6,"column":8},"end":{"line":6,"column":67}},"3":{"start":{"line":7,"column":8},"end":{"line":7,"column":69}},"4":{"start":{"line":8,"column":8},"end":{"line":8,"column":59}},"5":{"start":{"line":9,"column":8},"end":{"line":9,"column":64}},"6":{"start":{"line":10,"column":8},"end":{"line":10,"column":72}},"7":{"start":{"line":11,"column":8},"end":{"line":11,"column":69}},"8":{"start":{"line":12,"column":8},"end":{"line":12,"column":67}},"9":{"start":{"line":13,"column":8},"end":{"line":13,"column":67}},"10":{"start":{"line":14,"column":8},"end":{"line":14,"column":25}},"11":{"start":{"line":16,"column":8},"end":{"line":16,"column":40}},"12":{"start":{"line":17,"column":8},"end":{"line":17,"column":34}},"13":{"start":{"line":18,"column":8},"end":{"line":18,"column":40}},"14":{"start":{"line":22,"column":8},"end":{"line":43,"column":9}},"15":{"start":{"line":23,"column":29},"end":{"line":23,"column":55}},"16":{"start":{"line":24,"column":12},"end":{"line":31,"column":13}},"17":{"start":{"line":25,"column":37},"end":{"line":25,"column":66}},"18":{"start":{"line":26,"column":16},"end":{"line":26,"column":57}},"19":{"start":{"line":27,"column":16},"end":{"line":27,"column":68}},"20":{"start":{"line":28,"column":16},"end":{"line":28,"column":53}},"21":{"start":{"line":29,"column":16},"end":{"line":29,"column":57}},"22":{"start":{"line":30,"column":16},"end":{"line":30,"column":58}},"23":{"start":{"line":33,"column":12},"end":{"line":33,"column":48}},"24":{"start":{"line":34,"column":12},"end":{"line":34,"column":32}},"25":{"start":{"line":35,"column":12},"end":{"line":35,"column":31}},"26":{"start":{"line":37,"column":33},"end":{"line":37,"column":62}},"27":{"start":{"line":38,"column":12},"end":{"line":38,"column":53}},"28":{"start":{"line":39,"column":12},"end":{"line":39,"column":72}},"29":{"start":{"line":40,"column":12},"end":{"line":40,"column":49}},"30":{"start":{"line":41,"column":12},"end":{"line":41,"column":53}},"31":{"start":{"line":42,"column":12},"end":{"line":42,"column":22}},"32":{"start":{"line":47,"column":8},"end":{"line":47,"column":36}},"33":{"start":{"line":47,"column":29},"end":{"line":47,"column":36}},"34":{"start":{"line":49,"column":8},"end":{"line":49,"column":38}},"35":{"start":{"line":50,"column":8},"end":{"line":71,"column":11}},"36":{"start":{"line":51,"column":30},"end":{"line":51,"column":59}},"37":{"start":{"line":52,"column":12},"end":{"line":52,"column":52}},"38":{"start":{"line":53,"column":12},"end":{"line":53,"column":52}},"39":{"start":{"line":56,"column":27},"end":{"line":56,"column":40}},"40":{"start":{"line":57,"column":28},"end":{"line":57,"column":51}},"41":{"start":{"line":59,"column":12},"end":{"line":65,"column":14}},"42":{"start":{"line":68,"column":12},"end":{"line":68,"column":75}},"43":{"start":{"line":68,"column":54},"end":{"line":68,"column":73}},"44":{"start":{"line":70,"column":12},"end":{"line":70,"column":50}},"45":{"start":{"line":76,"column":8},"end":{"line":79,"column":9}},"46":{"start":{"line":77,"column":36},"end":{"line":77,"column":84}},"47":{"start":{"line":78,"column":12},"end":{"line":78,"column":72}},"48":{"start":{"line":82,"column":8},"end":{"line":82,"column":80}},"49":{"start":{"line":82,"column":61},"end":{"line":82,"column":78}},"50":{"start":{"line":83,"column":8},"end":{"line":83,"column":80}},"51":{"start":{"line":83,"column":61},"end":{"line":83,"column":78}},"52":{"start":{"line":86,"column":8},"end":{"line":93,"column":9}},"53":{"start":{"line":87,"column":12},"end":{"line":92,"column":15}},"54":{"start":{"line":88,"column":16},"end":{"line":91,"column":17}},"55":{"start":{"line":89,"column":35},"end":{"line":89,"column":62}},"56":{"start":{"line":90,"column":20},"end":{"line":90,"column":48}},"57":{"start":{"line":96,"column":8},"end":{"line":98,"column":11}},"58":{"start":{"line":97,"column":12},"end":{"line":97,"column":59}},"59":{"start":{"line":97,"column":41},"end":{"line":97,"column":59}},"60":{"start":{"line":100,"column":8},"end":{"line":100,"column":77}},"61":{"start":{"line":100,"column":58},"end":{"line":100,"column":75}},"62":{"start":{"line":102,"column":8},"end":{"line":104,"column":11}},"63":{"start":{"line":103,"column":12},"end":{"line":103,"column":54}},"64":{"start":{"line":103,"column":36},"end":{"line":103,"column":54}},"65":{"start":{"line":108,"column":27},"end":{"line":108,"column":66}},"66":{"start":{"line":109,"column":27},"end":{"line":109,"column":78}},"67":{"start":{"line":111,"column":8},"end":{"line":114,"column":11}},"68":{"start":{"line":112,"column":25},"end":{"line":112,"column":89}},"69":{"start":{"line":113,"column":12},"end":{"line":113,"column":83}},"70":{"start":{"line":116,"column":8},"end":{"line":116,"column":38}},"71":{"start":{"line":120,"column":22},"end":{"line":120,"column":67}},"72":{"start":{"line":122,"column":8},"end":{"line":131,"column":9}},"73":{"start":{"line":123,"column":12},"end":{"line":128,"column":13}},"74":{"start":{"line":124,"column":16},"end":{"line":124,"column":56}},"75":{"start":{"line":125,"column":16},"end":{"line":125,"column":57}},"76":{"start":{"line":126,"column":16},"end":{"line":126,"column":65}},"77":{"start":{"line":127,"column":16},"end":{"line":127,"column":70}},"78":{"start":{"line":130,"column":12},"end":{"line":130,"column":30}},"79":{"start":{"line":135,"column":8},"end":{"line":135,"column":39}},"80":{"start":{"line":135,"column":32},"end":{"line":135,"column":39}},"81":{"start":{"line":137,"column":24},"end":{"line":137,"column":64}},"82":{"start":{"line":138,"column":8},"end":{"line":145,"column":11}},"83":{"start":{"line":139,"column":27},"end":{"line":139,"column":59}},"84":{"start":{"line":140,"column":12},"end":{"line":140,"column":47}},"85":{"start":{"line":141,"column":12},"end":{"line":141,"column":43}},"86":{"start":{"line":142,"column":12},"end":{"line":142,"column":40}},"87":{"start":{"line":143,"column":12},"end":{"line":143,"column":80}},"88":{"start":{"line":143,"column":51},"end":{"line":143,"column":78}},"89":{"start":{"line":144,"column":12},"end":{"line":144,"column":50}},"90":{"start":{"line":149,"column":27},"end":{"line":149,"column":85}},"91":{"start":{"line":150,"column":8},"end":{"line":154,"column":11}},"92":{"start":{"line":151,"column":25},"end":{"line":151,"column":82}},"93":{"start":{"line":152,"column":12},"end":{"line":153,"column":74}},"94":{"start":{"line":158,"column":25},"end":{"line":158,"column":68}},"95":{"start":{"line":159,"column":8},"end":{"line":159,"column":49}},"96":{"start":{"line":159,"column":42},"end":{"line":159,"column":49}},"97":{"start":{"line":161,"column":29},"end":{"line":170,"column":9}},"98":{"start":{"line":162,"column":31},"end":{"line":162,"column":55}},"99":{"start":{"line":163,"column":30},"end":{"line":163,"column":86}},"100":{"start":{"line":165,"column":12},"end":{"line":169,"column":13}},"101":{"start":{"line":166,"column":16},"end":{"line":166,"column":49}},"102":{"start":{"line":168,"column":16},"end":{"line":168,"column":52}},"103":{"start":{"line":173,"column":8},"end":{"line":173,"column":56}},"104":{"start":{"line":174,"column":8},"end":{"line":176,"column":17}},"105":{"start":{"line":175,"column":12},"end":{"line":175,"column":27}},"106":{"start":{"line":179,"column":8},"end":{"line":179,"column":23}},"107":{"start":{"line":183,"column":8},"end":{"line":183,"column":32}},"108":{"start":{"line":184,"column":8},"end":{"line":184,"column":28}},"109":{"start":{"line":188,"column":8},"end":{"line":188,"column":32}},"110":{"start":{"line":189,"column":8},"end":{"line":189,"column":28}},"111":{"start":{"line":193,"column":8},"end":{"line":193,"column":71}},"112":{"start":{"line":193,"column":35},"end":{"line":193,"column":69}},"113":{"start":{"line":194,"column":8},"end":{"line":194,"column":28}},"114":{"start":{"line":198,"column":8},"end":{"line":198,"column":72}},"115":{"start":{"line":198,"column":65},"end":{"line":198,"column":72}},"116":{"start":{"line":200,"column":8},"end":{"line":200,"column":36}},"117":{"start":{"line":201,"column":8},"end":{"line":201,"column":48}},"118":{"start":{"line":202,"column":8},"end":{"line":202,"column":41}},"119":{"start":{"line":206,"column":8},"end":{"line":206,"column":45}},"120":{"start":{"line":210,"column":8},"end":{"line":210,"column":47}},"121":{"start":{"line":211,"column":29},"end":{"line":211,"column":58}},"122":{"start":{"line":212,"column":8},"end":{"line":212,"column":49}},"123":{"start":{"line":213,"column":8},"end":{"line":213,"column":49}},"124":{"start":{"line":214,"column":8},"end":{"line":214,"column":67}},"125":{"start":{"line":219,"column":8},"end":{"line":226,"column":10}},"126":{"start":{"line":220,"column":26},"end":{"line":223,"column":13}},"127":{"start":{"line":221,"column":16},"end":{"line":221,"column":38}},"128":{"start":{"line":222,"column":16},"end":{"line":222,"column":30}},"129":{"start":{"line":224,"column":12},"end":{"line":224,"column":34}},"130":{"start":{"line":225,"column":12},"end":{"line":225,"column":46}},"131":{"start":{"line":232,"column":23},"end":{"line":232,"column":68}},"132":{"start":{"line":233,"column":29},"end":{"line":233,"column":60}},"133":{"start":{"line":235,"column":4},"end":{"line":240,"column":7}},"134":{"start":{"line":236,"column":21},"end":{"line":236,"column":71}},"135":{"start":{"line":237,"column":24},"end":{"line":238,"column":68}},"136":{"start":{"line":239,"column":8},"end":{"line":239,"column":56}},"137":{"start":{"line":242,"column":4},"end":{"line":242,"column":29}},"138":{"start":{"line":247,"column":22},"end":{"line":247,"column":59}},"139":{"start":{"line":248,"column":4},"end":{"line":248,"column":27}},"140":{"start":{"line":248,"column":20},"end":{"line":248,"column":27}},"141":{"start":{"line":250,"column":29},"end":{"line":251,"column":62}},"142":{"start":{"line":251,"column":27},"end":{"line":251,"column":61}},"143":{"start":{"line":253,"column":4},"end":{"line":253,"column":66}},"144":{"start":{"line":258,"column":22},"end":{"line":258,"column":59}},"145":{"start":{"line":259,"column":4},"end":{"line":261,"column":5}},"146":{"start":{"line":260,"column":8},"end":{"line":260,"column":15}},"147":{"start":{"line":263,"column":23},"end":{"line":263,"column":81}},"148":{"start":{"line":264,"column":4},"end":{"line":266,"column":5}},"149":{"start":{"line":265,"column":8},"end":{"line":265,"column":15}},"150":{"start":{"line":268,"column":4},"end":{"line":282,"column":7}},"151":{"start":{"line":271,"column":8},"end":{"line":277,"column":9}},"152":{"start":{"line":272,"column":12},"end":{"line":272,"column":61}},"153":{"start":{"line":273,"column":12},"end":{"line":273,"column":61}},"154":{"start":{"line":275,"column":12},"end":{"line":275,"column":58}},"155":{"start":{"line":276,"column":12},"end":{"line":276,"column":58}},"156":{"start":{"line":279,"column":8},"end":{"line":281,"column":37}},"157":{"start":{"line":284,"column":4},"end":{"line":286,"column":7}},"158":{"start":{"line":285,"column":8},"end":{"line":285,"column":41}},"159":{"start":{"line":291,"column":4},"end":{"line":316,"column":11}},"160":{"start":{"line":293,"column":12},"end":{"line":295,"column":13}},"161":{"start":{"line":294,"column":16},"end":{"line":294,"column":58}},"162":{"start":{"line":296,"column":12},"end":{"line":296,"column":35}},"163":{"start":{"line":299,"column":30},"end":{"line":299,"column":67}},"164":{"start":{"line":300,"column":12},"end":{"line":308,"column":15}},"165":{"start":{"line":301,"column":34},"end":{"line":301,"column":63}},"166":{"start":{"line":302,"column":16},"end":{"line":302,"column":56}},"167":{"start":{"line":303,"column":16},"end":{"line":306,"column":18}},"168":{"start":{"line":307,"column":16},"end":{"line":307,"column":49}},"169":{"start":{"line":311,"column":33},"end":{"line":311,"column":73}},"170":{"start":{"line":312,"column":12},"end":{"line":315,"column":13}},"171":{"start":{"line":313,"column":16},"end":{"line":313,"column":57}},"172":{"start":{"line":314,"column":16},"end":{"line":314,"column":53}},"173":{"start":{"line":321,"column":24},"end":{"line":321,"column":63}},"174":{"start":{"line":322,"column":24},"end":{"line":322,"column":62}},"175":{"start":{"line":323,"column":25},"end":{"line":323,"column":81}},"176":{"start":{"line":326,"column":4},"end":{"line":329,"column":5}},"177":{"start":{"line":327,"column":8},"end":{"line":327,"column":68}},"178":{"start":{"line":328,"column":8},"end":{"line":328,"column":15}},"179":{"start":{"line":332,"column":20},"end":{"line":332,"column":58}},"180":{"start":{"line":333,"column":4},"end":{"line":340,"column":7}},"181":{"start":{"line":334,"column":23},"end":{"line":334,"column":55}},"182":{"start":{"line":335,"column":8},"end":{"line":335,"column":40}},"183":{"start":{"line":336,"column":8},"end":{"line":336,"column":36}},"184":{"start":{"line":337,"column":8},"end":{"line":337,"column":53}},"185":{"start":{"line":338,"column":8},"end":{"line":338,"column":61}},"186":{"start":{"line":339,"column":8},"end":{"line":339,"column":41}},"187":{"start":{"line":343,"column":4},"end":{"line":346,"column":5}},"188":{"start":{"line":344,"column":32},"end":{"line":344,"column":59}},"189":{"start":{"line":345,"column":8},"end":{"line":345,"column":63}},"190":{"start":{"line":348,"column":4},"end":{"line":352,"column":5}},"191":{"start":{"line":349,"column":8},"end":{"line":351,"column":11}},"192":{"start":{"line":350,"column":12},"end":{"line":350,"column":54}},"193":{"start":{"line":357,"column":4},"end":{"line":357,"column":40}},"194":{"start":{"line":357,"column":33},"end":{"line":357,"column":40}},"195":{"start":{"line":358,"column":23},"end":{"line":358,"column":48}},"196":{"start":{"line":359,"column":4},"end":{"line":359,"column":29}},"197":{"start":{"line":364,"column":4},"end":{"line":364,"column":40}},"198":{"start":{"line":364,"column":33},"end":{"line":364,"column":40}},"199":{"start":{"line":366,"column":19},"end":{"line":366,"column":31}},"200":{"start":{"line":367,"column":21},"end":{"line":367,"column":40}},"201":{"start":{"line":370,"column":24},"end":{"line":370,"column":62}},"202":{"start":{"line":371,"column":4},"end":{"line":374,"column":5}},"203":{"start":{"line":372,"column":8},"end":{"line":372,"column":67}},"204":{"start":{"line":372,"column":35},"end":{"line":372,"column":65}},"205":{"start":{"line":373,"column":8},"end":{"line":373,"column":39}},"206":{"start":{"line":377,"column":4},"end":{"line":377,"column":25}},"207":{"start":{"line":382,"column":4},"end":{"line":382,"column":40}},"208":{"start":{"line":382,"column":33},"end":{"line":382,"column":40}},"209":{"start":{"line":384,"column":19},"end":{"line":384,"column":31}},"210":{"start":{"line":385,"column":19},"end":{"line":385,"column":40}},"211":{"start":{"line":388,"column":26},"end":{"line":388,"column":66}},"212":{"start":{"line":389,"column":4},"end":{"line":392,"column":5}},"213":{"start":{"line":390,"column":8},"end":{"line":390,"column":69}},"214":{"start":{"line":390,"column":37},"end":{"line":390,"column":67}},"215":{"start":{"line":391,"column":8},"end":{"line":391,"column":39}},"216":{"start":{"line":395,"column":4},"end":{"line":395,"column":27}},"217":{"start":{"line":400,"column":4},"end":{"line":400,"column":24}},"218":{"start":{"line":400,"column":17},"end":{"line":400,"column":24}},"219":{"start":{"line":402,"column":23},"end":{"line":402,"column":68}},"220":{"start":{"line":403,"column":4},"end":{"line":403,"column":28}},"221":{"start":{"line":403,"column":21},"end":{"line":403,"column":28}},"222":{"start":{"line":405,"column":4},"end":{"line":413,"column":7}},"223":{"start":{"line":406,"column":28},"end":{"line":406,"column":66}},"224":{"start":{"line":407,"column":8},"end":{"line":407,"column":33}},"225":{"start":{"line":407,"column":26},"end":{"line":407,"column":33}},"226":{"start":{"line":409,"column":21},"end":{"line":409,"column":50}},"227":{"start":{"line":410,"column":28},"end":{"line":410,"column":56}},"228":{"start":{"line":411,"column":24},"end":{"line":411,"column":80}},"229":{"start":{"line":412,"column":8},"end":{"line":412,"column":56}},"230":{"start":{"line":415,"column":4},"end":{"line":415,"column":29}},"231":{"start":{"line":419,"column":0},"end":{"line":419,"column":73}},"232":{"start":{"line":424,"column":4},"end":{"line":431,"column":6}},"233":{"start":{"line":425,"column":22},"end":{"line":428,"column":9}},"234":{"start":{"line":426,"column":12},"end":{"line":426,"column":34}},"235":{"start":{"line":427,"column":12},"end":{"line":427,"column":26}},"236":{"start":{"line":429,"column":8},"end":{"line":429,"column":30}},"237":{"start":{"line":430,"column":8},"end":{"line":430,"column":42}},"238":{"start":{"line":435,"column":20},"end":{"line":435,"column":33}},"239":{"start":{"line":436,"column":4},"end":{"line":436,"column":32}}},"fnMap":{"0":{"name":"(anonymous_0)","decl":{"start":{"line":3,"column":4},"end":{"line":3,"column":5}},"loc":{"start":{"line":3,"column":51},"end":{"line":19,"column":5}},"line":3},"1":{"name":"(anonymous_1)","decl":{"start":{"line":21,"column":4},"end":{"line":21,"column":5}},"loc":{"start":{"line":21,"column":23},"end":{"line":44,"column":5}},"line":21},"2":{"name":"(anonymous_2)","decl":{"start":{"line":46,"column":4},"end":{"line":46,"column":5}},"loc":{"start":{"line":46,"column":19},"end":{"line":72,"column":5}},"line":46},"3":{"name":"(anonymous_3)","decl":{"start":{"line":50,"column":28},"end":{"line":50,"column":29}},"loc":{"start":{"line":50,"column":35},"end":{"line":71,"column":9}},"line":50},"4":{"name":"(anonymous_4)","decl":{"start":{"line":68,"column":48},"end":{"line":68,"column":49}},"loc":{"start":{"line":68,"column":54},"end":{"line":68,"column":73}},"line":68},"5":{"name":"(anonymous_5)","decl":{"start":{"line":74,"column":4},"end":{"line":74,"column":5}},"loc":{"start":{"line":74,"column":31},"end":{"line":105,"column":5}},"line":74},"6":{"name":"(anonymous_6)","decl":{"start":{"line":82,"column":55},"end":{"line":82,"column":56}},"loc":{"start":{"line":82,"column":61},"end":{"line":82,"column":78}},"line":82},"7":{"name":"(anonymous_7)","decl":{"start":{"line":83,"column":55},"end":{"line":83,"column":56}},"loc":{"start":{"line":83,"column":61},"end":{"line":83,"column":78}},"line":83},"8":{"name":"(anonymous_8)","decl":{"start":{"line":87,"column":56},"end":{"line":87,"column":57}},"loc":{"start":{"line":87,"column":67},"end":{"line":92,"column":13}},"line":87},"9":{"name":"(anonymous_9)","decl":{"start":{"line":96,"column":46},"end":{"line":96,"column":47}},"loc":{"start":{"line":96,"column":51},"end":{"line":98,"column":9}},"line":96},"10":{"name":"(anonymous_10)","decl":{"start":{"line":100,"column":52},"end":{"line":100,"column":53}},"loc":{"start":{"line":100,"column":58},"end":{"line":100,"column":75}},"line":100},"11":{"name":"(anonymous_11)","decl":{"start":{"line":102,"column":45},"end":{"line":102,"column":46}},"loc":{"start":{"line":102,"column":50},"end":{"line":104,"column":9}},"line":102},"12":{"name":"(anonymous_12)","decl":{"start":{"line":107,"column":4},"end":{"line":107,"column":5}},"loc":{"start":{"line":107,"column":24},"end":{"line":117,"column":5}},"line":107},"13":{"name":"(anonymous_13)","decl":{"start":{"line":111,"column":27},"end":{"line":111,"column":28}},"loc":{"start":{"line":111,"column":40},"end":{"line":114,"column":9}},"line":111},"14":{"name":"(anonymous_14)","decl":{"start":{"line":119,"column":4},"end":{"line":119,"column":5}},"loc":{"start":{"line":119,"column":38},"end":{"line":132,"column":5}},"line":119},"15":{"name":"(anonymous_15)","decl":{"start":{"line":134,"column":4},"end":{"line":134,"column":5}},"loc":{"start":{"line":134,"column":25},"end":{"line":146,"column":5}},"line":134},"16":{"name":"(anonymous_16)","decl":{"start":{"line":138,"column":24},"end":{"line":138,"column":25}},"loc":{"start":{"line":138,"column":34},"end":{"line":145,"column":9}},"line":138},"17":{"name":"(anonymous_17)","decl":{"start":{"line":143,"column":45},"end":{"line":143,"column":46}},"loc":{"start":{"line":143,"column":51},"end":{"line":143,"column":78}},"line":143},"18":{"name":"(anonymous_18)","decl":{"start":{"line":148,"column":4},"end":{"line":148,"column":5}},"loc":{"start":{"line":148,"column":27},"end":{"line":155,"column":5}},"line":148},"19":{"name":"(anonymous_19)","decl":{"start":{"line":150,"column":27},"end":{"line":150,"column":28}},"loc":{"start":{"line":150,"column":40},"end":{"line":154,"column":9}},"line":150},"20":{"name":"(anonymous_20)","decl":{"start":{"line":157,"column":4},"end":{"line":157,"column":5}},"loc":{"start":{"line":157,"column":31},"end":{"line":180,"column":5}},"line":157},"21":{"name":"(anonymous_21)","decl":{"start":{"line":161,"column":29},"end":{"line":161,"column":30}},"loc":{"start":{"line":161,"column":35},"end":{"line":170,"column":9}},"line":161},"22":{"name":"(anonymous_22)","decl":{"start":{"line":174,"column":56},"end":{"line":174,"column":57}},"loc":{"start":{"line":174,"column":62},"end":{"line":176,"column":9}},"line":174},"23":{"name":"(anonymous_23)","decl":{"start":{"line":182,"column":4},"end":{"line":182,"column":5}},"loc":{"start":{"line":182,"column":17},"end":{"line":185,"column":5}},"line":182},"24":{"name":"(anonymous_24)","decl":{"start":{"line":187,"column":4},"end":{"line":187,"column":5}},"loc":{"start":{"line":187,"column":17},"end":{"line":190,"column":5}},"line":187},"25":{"name":"(anonymous_25)","decl":{"start":{"line":192,"column":4},"end":{"line":192,"column":5}},"loc":{"start":{"line":192,"column":23},"end":{"line":195,"column":5}},"line":192},"26":{"name":"(anonymous_26)","decl":{"start":{"line":193,"column":25},"end":{"line":193,"column":26}},"loc":{"start":{"line":193,"column":35},"end":{"line":193,"column":69}},"line":193},"27":{"name":"(anonymous_27)","decl":{"start":{"line":197,"column":4},"end":{"line":197,"column":5}},"loc":{"start":{"line":197,"column":19},"end":{"line":203,"column":5}},"line":197},"28":{"name":"(anonymous_28)","decl":{"start":{"line":205,"column":4},"end":{"line":205,"column":5}},"loc":{"start":{"line":205,"column":17},"end":{"line":207,"column":5}},"line":205},"29":{"name":"(anonymous_29)","decl":{"start":{"line":209,"column":4},"end":{"line":209,"column":5}},"loc":{"start":{"line":209,"column":23},"end":{"line":215,"column":5}},"line":209},"30":{"name":"(anonymous_30)","decl":{"start":{"line":217,"column":4},"end":{"line":217,"column":5}},"loc":{"start":{"line":217,"column":25},"end":{"line":227,"column":5}},"line":217},"31":{"name":"executedFunction","decl":{"start":{"line":219,"column":24},"end":{"line":219,"column":40}},"loc":{"start":{"line":219,"column":50},"end":{"line":226,"column":9}},"line":219},"32":{"name":"(anonymous_32)","decl":{"start":{"line":220,"column":26},"end":{"line":220,"column":27}},"loc":{"start":{"line":220,"column":32},"end":{"line":223,"column":13}},"line":220},"33":{"name":"filterImages","decl":{"start":{"line":231,"column":16},"end":{"line":231,"column":28}},"loc":{"start":{"line":231,"column":41},"end":{"line":243,"column":1}},"line":231},"34":{"name":"(anonymous_34)","decl":{"start":{"line":235,"column":23},"end":{"line":235,"column":24}},"loc":{"start":{"line":235,"column":36},"end":{"line":240,"column":5}},"line":235},"35":{"name":"updateNoResultsMessage","decl":{"start":{"line":246,"column":9},"end":{"line":246,"column":31}},"loc":{"start":{"line":246,"column":34},"end":{"line":254,"column":1}},"line":246},"36":{"name":"(anonymous_36)","decl":{"start":{"line":251,"column":14},"end":{"line":251,"column":15}},"loc":{"start":{"line":251,"column":27},"end":{"line":251,"column":61}},"line":251},"37":{"name":"sortImages","decl":{"start":{"line":257,"column":16},"end":{"line":257,"column":26}},"loc":{"start":{"line":257,"column":59},"end":{"line":287,"column":1}},"line":257},"38":{"name":"(anonymous_38)","decl":{"start":{"line":268,"column":20},"end":{"line":268,"column":21}},"loc":{"start":{"line":268,"column":30},"end":{"line":282,"column":5}},"line":268},"39":{"name":"(anonymous_39)","decl":{"start":{"line":284,"column":23},"end":{"line":284,"column":24}},"loc":{"start":{"line":284,"column":36},"end":{"line":286,"column":5}},"line":284},"40":{"name":"loadImages","decl":{"start":{"line":290,"column":16},"end":{"line":290,"column":26}},"loc":{"start":{"line":290,"column":29},"end":{"line":317,"column":1}},"line":290},"41":{"name":"(anonymous_41)","decl":{"start":{"line":292,"column":14},"end":{"line":292,"column":15}},"loc":{"start":{"line":292,"column":26},"end":{"line":297,"column":9}},"line":292},"42":{"name":"(anonymous_42)","decl":{"start":{"line":298,"column":14},"end":{"line":298,"column":15}},"loc":{"start":{"line":298,"column":24},"end":{"line":309,"column":9}},"line":298},"43":{"name":"(anonymous_43)","decl":{"start":{"line":300,"column":27},"end":{"line":300,"column":28}},"loc":{"start":{"line":300,"column":34},"end":{"line":308,"column":13}},"line":300},"44":{"name":"(anonymous_44)","decl":{"start":{"line":310,"column":15},"end":{"line":310,"column":16}},"loc":{"start":{"line":310,"column":24},"end":{"line":316,"column":9}},"line":310},"45":{"name":"initializeGalleryControls","decl":{"start":{"line":320,"column":16},"end":{"line":320,"column":41}},"loc":{"start":{"line":320,"column":44},"end":{"line":353,"column":1}},"line":320},"46":{"name":"(anonymous_46)","decl":{"start":{"line":333,"column":20},"end":{"line":333,"column":21}},"loc":{"start":{"line":333,"column":30},"end":{"line":340,"column":5}},"line":333},"47":{"name":"(anonymous_47)","decl":{"start":{"line":349,"column":28},"end":{"line":349,"column":29}},"loc":{"start":{"line":349,"column":35},"end":{"line":351,"column":9}},"line":349},"48":{"name":"handleSearch","decl":{"start":{"line":356,"column":16},"end":{"line":356,"column":28}},"loc":{"start":{"line":356,"column":36},"end":{"line":360,"column":1}},"line":356},"49":{"name":"handleSort","decl":{"start":{"line":363,"column":16},"end":{"line":363,"column":26}},"loc":{"start":{"line":363,"column":34},"end":{"line":378,"column":1}},"line":363},"50":{"name":"(anonymous_50)","decl":{"start":{"line":372,"column":28},"end":{"line":372,"column":29}},"loc":{"start":{"line":372,"column":35},"end":{"line":372,"column":65}},"line":372},"51":{"name":"handleLetterFilter","decl":{"start":{"line":381,"column":16},"end":{"line":381,"column":34}},"loc":{"start":{"line":381,"column":42},"end":{"line":396,"column":1}},"line":381},"52":{"name":"(anonymous_52)","decl":{"start":{"line":390,"column":30},"end":{"line":390,"column":31}},"loc":{"start":{"line":390,"column":37},"end":{"line":390,"column":67}},"line":390},"53":{"name":"filterByLetter","decl":{"start":{"line":399,"column":16},"end":{"line":399,"column":30}},"loc":{"start":{"line":399,"column":39},"end":{"line":416,"column":1}},"line":399},"54":{"name":"(anonymous_54)","decl":{"start":{"line":405,"column":23},"end":{"line":405,"column":24}},"loc":{"start":{"line":405,"column":36},"end":{"line":413,"column":5}},"line":405},"55":{"name":"debounce","decl":{"start":{"line":422,"column":16},"end":{"line":422,"column":24}},"loc":{"start":{"line":422,"column":37},"end":{"line":432,"column":1}},"line":422},"56":{"name":"executedFunction","decl":{"start":{"line":424,"column":20},"end":{"line":424,"column":36}},"loc":{"start":{"line":424,"column":46},"end":{"line":431,"column":5}},"line":424},"57":{"name":"(anonymous_57)","decl":{"start":{"line":425,"column":22},"end":{"line":425,"column":23}},"loc":{"start":{"line":425,"column":28},"end":{"line":428,"column":9}},"line":425},"58":{"name":"loadGalleryImages","decl":{"start":{"line":434,"column":16},"end":{"line":434,"column":33}},"loc":{"start":{"line":434,"column":36},"end":{"line":437,"column":1}},"line":434}},"branchMap":{"0":{"loc":{"start":{"line":3,"column":16},"end":{"line":3,"column":49}},"type":"default-arg","locations":[{"start":{"line":3,"column":30},"end":{"line":3,"column":49}}],"line":3},"1":{"loc":{"start":{"line":24,"column":12},"end":{"line":31,"column":13}},"type":"if","locations":[{"start":{"line":24,"column":12},"end":{"line":31,"column":13}},{"start":{},"end":{}}],"line":24},"2":{"loc":{"start":{"line":39,"column":39},"end":{"line":39,"column":71}},"type":"binary-expr","locations":[{"start":{"line":39,"column":39},"end":{"line":39,"column":52}},{"start":{"line":39,"column":56},"end":{"line":39,"column":71}}],"line":39},"3":{"loc":{"start":{"line":47,"column":8},"end":{"line":47,"column":36}},"type":"if","locations":[{"start":{"line":47,"column":8},"end":{"line":47,"column":36}},{"start":{},"end":{}}],"line":47},"4":{"loc":{"start":{"line":53,"column":37},"end":{"line":53,"column":51}},"type":"binary-expr","locations":[{"start":{"line":53,"column":37},"end":{"line":53,"column":45}},{"start":{"line":53,"column":49},"end":{"line":53,"column":51}}],"line":53},"5":{"loc":{"start":{"line":56,"column":27},"end":{"line":56,"column":40}},"type":"binary-expr","locations":[{"start":{"line":56,"column":27},"end":{"line":56,"column":34}},{"start":{"line":56,"column":38},"end":{"line":56,"column":40}}],"line":56},"6":{"loc":{"start":{"line":57,"column":28},"end":{"line":57,"column":51}},"type":"binary-expr","locations":[{"start":{"line":57,"column":28},"end":{"line":57,"column":36}},{"start":{"line":57,"column":40},"end":{"line":57,"column":51}}],"line":57},"7":{"loc":{"start":{"line":76,"column":8},"end":{"line":79,"column":9}},"type":"if","locations":[{"start":{"line":76,"column":8},"end":{"line":79,"column":9}},{"start":{},"end":{}}],"line":76},"8":{"loc":{"start":{"line":86,"column":8},"end":{"line":93,"column":9}},"type":"if","locations":[{"start":{"line":86,"column":8},"end":{"line":93,"column":9}},{"start":{},"end":{}}],"line":86},"9":{"loc":{"start":{"line":88,"column":16},"end":{"line":91,"column":17}},"type":"if","locations":[{"start":{"line":88,"column":16},"end":{"line":91,"column":17}},{"start":{},"end":{}}],"line":88},"10":{"loc":{"start":{"line":97,"column":12},"end":{"line":97,"column":59}},"type":"if","locations":[{"start":{"line":97,"column":12},"end":{"line":97,"column":59}},{"start":{},"end":{}}],"line":97},"11":{"loc":{"start":{"line":103,"column":12},"end":{"line":103,"column":54}},"type":"if","locations":[{"start":{"line":103,"column":12},"end":{"line":103,"column":54}},{"start":{},"end":{}}],"line":103},"12":{"loc":{"start":{"line":113,"column":38},"end":{"line":113,"column":82}},"type":"cond-expr","locations":[{"start":{"line":113,"column":66},"end":{"line":113,"column":73}},{"start":{"line":113,"column":76},"end":{"line":113,"column":82}}],"line":113},"13":{"loc":{"start":{"line":122,"column":8},"end":{"line":131,"column":9}},"type":"if","locations":[{"start":{"line":122,"column":8},"end":{"line":131,"column":9}},{"start":{"line":129,"column":15},"end":{"line":131,"column":9}}],"line":122},"14":{"loc":{"start":{"line":123,"column":12},"end":{"line":128,"column":13}},"type":"if","locations":[{"start":{"line":123,"column":12},"end":{"line":128,"column":13}},{"start":{},"end":{}}],"line":123},"15":{"loc":{"start":{"line":135,"column":8},"end":{"line":135,"column":39}},"type":"if","locations":[{"start":{"line":135,"column":8},"end":{"line":135,"column":39}},{"start":{},"end":{}}],"line":135},"16":{"loc":{"start":{"line":149,"column":27},"end":{"line":149,"column":85}},"type":"binary-expr","locations":[{"start":{"line":149,"column":27},"end":{"line":149,"column":79}},{"start":{"line":149,"column":83},"end":{"line":149,"column":85}}],"line":149},"17":{"loc":{"start":{"line":151,"column":25},"end":{"line":151,"column":82}},"type":"binary-expr","locations":[{"start":{"line":151,"column":25},"end":{"line":151,"column":76}},{"start":{"line":151,"column":80},"end":{"line":151,"column":82}}],"line":151},"18":{"loc":{"start":{"line":153,"column":16},"end":{"line":153,"column":73}},"type":"cond-expr","locations":[{"start":{"line":153,"column":62},"end":{"line":153,"column":64}},{"start":{"line":153,"column":67},"end":{"line":153,"column":73}}],"line":153},"19":{"loc":{"start":{"line":153,"column":16},"end":{"line":153,"column":59}},"type":"binary-expr","locations":[{"start":{"line":153,"column":16},"end":{"line":153,"column":32}},{"start":{"line":153,"column":36},"end":{"line":153,"column":59}}],"line":153},"20":{"loc":{"start":{"line":159,"column":8},"end":{"line":159,"column":49}},"type":"if","locations":[{"start":{"line":159,"column":8},"end":{"line":159,"column":49}},{"start":{},"end":{}}],"line":159},"21":{"loc":{"start":{"line":159,"column":12},"end":{"line":159,"column":40}},"type":"binary-expr","locations":[{"start":{"line":159,"column":12},"end":{"line":159,"column":21}},{"start":{"line":159,"column":25},"end":{"line":159,"column":40}}],"line":159},"22":{"loc":{"start":{"line":163,"column":30},"end":{"line":163,"column":86}},"type":"binary-expr","locations":[{"start":{"line":163,"column":30},"end":{"line":163,"column":48}},{"start":{"line":163,"column":52},"end":{"line":163,"column":86}}],"line":163},"23":{"loc":{"start":{"line":165,"column":12},"end":{"line":169,"column":13}},"type":"if","locations":[{"start":{"line":165,"column":12},"end":{"line":169,"column":13}},{"start":{"line":167,"column":19},"end":{"line":169,"column":13}}],"line":165},"24":{"loc":{"start":{"line":198,"column":8},"end":{"line":198,"column":72}},"type":"if","locations":[{"start":{"line":198,"column":8},"end":{"line":198,"column":72}},{"start":{},"end":{}}],"line":198},"25":{"loc":{"start":{"line":198,"column":12},"end":{"line":198,"column":63}},"type":"binary-expr","locations":[{"start":{"line":198,"column":12},"end":{"line":198,"column":23}},{"start":{"line":198,"column":27},"end":{"line":198,"column":41}},{"start":{"line":198,"column":45},"end":{"line":198,"column":63}}],"line":198},"26":{"loc":{"start":{"line":237,"column":24},"end":{"line":238,"column":68}},"type":"binary-expr","locations":[{"start":{"line":237,"column":24},"end":{"line":237,"column":47}},{"start":{"line":238,"column":23},"end":{"line":238,"column":68}}],"line":237},"27":{"loc":{"start":{"line":239,"column":34},"end":{"line":239,"column":55}},"type":"cond-expr","locations":[{"start":{"line":239,"column":44},"end":{"line":239,"column":46}},{"start":{"line":239,"column":49},"end":{"line":239,"column":55}}],"line":239},"28":{"loc":{"start":{"line":248,"column":4},"end":{"line":248,"column":27}},"type":"if","locations":[{"start":{"line":248,"column":4},"end":{"line":248,"column":27}},{"start":{},"end":{}}],"line":248},"29":{"loc":{"start":{"line":253,"column":30},"end":{"line":253,"column":65}},"type":"cond-expr","locations":[{"start":{"line":253,"column":49},"end":{"line":253,"column":55}},{"start":{"line":253,"column":58},"end":{"line":253,"column":65}}],"line":253},"30":{"loc":{"start":{"line":257,"column":27},"end":{"line":257,"column":42}},"type":"default-arg","locations":[{"start":{"line":257,"column":36},"end":{"line":257,"column":42}}],"line":257},"31":{"loc":{"start":{"line":257,"column":44},"end":{"line":257,"column":57}},"type":"default-arg","locations":[{"start":{"line":257,"column":52},"end":{"line":257,"column":57}}],"line":257},"32":{"loc":{"start":{"line":259,"column":4},"end":{"line":261,"column":5}},"type":"if","locations":[{"start":{"line":259,"column":4},"end":{"line":261,"column":5}},{"start":{},"end":{}}],"line":259},"33":{"loc":{"start":{"line":264,"column":4},"end":{"line":266,"column":5}},"type":"if","locations":[{"start":{"line":264,"column":4},"end":{"line":266,"column":5}},{"start":{},"end":{}}],"line":264},"34":{"loc":{"start":{"line":271,"column":8},"end":{"line":277,"column":9}},"type":"if","locations":[{"start":{"line":271,"column":8},"end":{"line":277,"column":9}},{"start":{"line":274,"column":15},"end":{"line":277,"column":9}}],"line":271},"35":{"loc":{"start":{"line":272,"column":30},"end":{"line":272,"column":49}},"type":"binary-expr","locations":[{"start":{"line":272,"column":30},"end":{"line":272,"column":44}},{"start":{"line":272,"column":48},"end":{"line":272,"column":49}}],"line":272},"36":{"loc":{"start":{"line":273,"column":30},"end":{"line":273,"column":49}},"type":"binary-expr","locations":[{"start":{"line":273,"column":30},"end":{"line":273,"column":44}},{"start":{"line":273,"column":48},"end":{"line":273,"column":49}}],"line":273},"37":{"loc":{"start":{"line":275,"column":22},"end":{"line":275,"column":42}},"type":"binary-expr","locations":[{"start":{"line":275,"column":22},"end":{"line":275,"column":36}},{"start":{"line":275,"column":40},"end":{"line":275,"column":42}}],"line":275},"38":{"loc":{"start":{"line":276,"column":22},"end":{"line":276,"column":42}},"type":"binary-expr","locations":[{"start":{"line":276,"column":22},"end":{"line":276,"column":36}},{"start":{"line":276,"column":40},"end":{"line":276,"column":42}}],"line":276},"39":{"loc":{"start":{"line":279,"column":15},"end":{"line":281,"column":36}},"type":"cond-expr","locations":[{"start":{"line":280,"column":12},"end":{"line":280,"column":36}},{"start":{"line":281,"column":12},"end":{"line":281,"column":36}}],"line":279},"40":{"loc":{"start":{"line":280,"column":12},"end":{"line":280,"column":36}},"type":"cond-expr","locations":[{"start":{"line":280,"column":30},"end":{"line":280,"column":31}},{"start":{"line":280,"column":34},"end":{"line":280,"column":36}}],"line":280},"41":{"loc":{"start":{"line":281,"column":12},"end":{"line":281,"column":36}},"type":"cond-expr","locations":[{"start":{"line":281,"column":30},"end":{"line":281,"column":31}},{"start":{"line":281,"column":34},"end":{"line":281,"column":36}}],"line":281},"42":{"loc":{"start":{"line":293,"column":12},"end":{"line":295,"column":13}},"type":"if","locations":[{"start":{"line":293,"column":12},"end":{"line":295,"column":13}},{"start":{},"end":{}}],"line":293},"43":{"loc":{"start":{"line":312,"column":12},"end":{"line":315,"column":13}},"type":"if","locations":[{"start":{"line":312,"column":12},"end":{"line":315,"column":13}},{"start":{},"end":{}}],"line":312},"44":{"loc":{"start":{"line":326,"column":4},"end":{"line":329,"column":5}},"type":"if","locations":[{"start":{"line":326,"column":4},"end":{"line":329,"column":5}},{"start":{},"end":{}}],"line":326},"45":{"loc":{"start":{"line":326,"column":8},"end":{"line":326,"column":37}},"type":"binary-expr","locations":[{"start":{"line":326,"column":8},"end":{"line":326,"column":21}},{"start":{"line":326,"column":25},"end":{"line":326,"column":37}}],"line":326},"46":{"loc":{"start":{"line":343,"column":4},"end":{"line":346,"column":5}},"type":"if","locations":[{"start":{"line":343,"column":4},"end":{"line":346,"column":5}},{"start":{},"end":{}}],"line":343},"47":{"loc":{"start":{"line":348,"column":4},"end":{"line":352,"column":5}},"type":"if","locations":[{"start":{"line":348,"column":4},"end":{"line":352,"column":5}},{"start":{},"end":{}}],"line":348},"48":{"loc":{"start":{"line":357,"column":4},"end":{"line":357,"column":40}},"type":"if","locations":[{"start":{"line":357,"column":4},"end":{"line":357,"column":40}},{"start":{},"end":{}}],"line":357},"49":{"loc":{"start":{"line":357,"column":8},"end":{"line":357,"column":31}},"type":"binary-expr","locations":[{"start":{"line":357,"column":8},"end":{"line":357,"column":14}},{"start":{"line":357,"column":18},"end":{"line":357,"column":31}}],"line":357},"50":{"loc":{"start":{"line":364,"column":4},"end":{"line":364,"column":40}},"type":"if","locations":[{"start":{"line":364,"column":4},"end":{"line":364,"column":40}},{"start":{},"end":{}}],"line":364},"51":{"loc":{"start":{"line":364,"column":8},"end":{"line":364,"column":31}},"type":"binary-expr","locations":[{"start":{"line":364,"column":8},"end":{"line":364,"column":14}},{"start":{"line":364,"column":18},"end":{"line":364,"column":31}}],"line":364},"52":{"loc":{"start":{"line":371,"column":4},"end":{"line":374,"column":5}},"type":"if","locations":[{"start":{"line":371,"column":4},"end":{"line":374,"column":5}},{"start":{},"end":{}}],"line":371},"53":{"loc":{"start":{"line":382,"column":4},"end":{"line":382,"column":40}},"type":"if","locations":[{"start":{"line":382,"column":4},"end":{"line":382,"column":40}},{"start":{},"end":{}}],"line":382},"54":{"loc":{"start":{"line":382,"column":8},"end":{"line":382,"column":31}},"type":"binary-expr","locations":[{"start":{"line":382,"column":8},"end":{"line":382,"column":14}},{"start":{"line":382,"column":18},"end":{"line":382,"column":31}}],"line":382},"55":{"loc":{"start":{"line":389,"column":4},"end":{"line":392,"column":5}},"type":"if","locations":[{"start":{"line":389,"column":4},"end":{"line":392,"column":5}},{"start":{},"end":{}}],"line":389},"56":{"loc":{"start":{"line":400,"column":4},"end":{"line":400,"column":24}},"type":"if","locations":[{"start":{"line":400,"column":4},"end":{"line":400,"column":24}},{"start":{},"end":{}}],"line":400},"57":{"loc":{"start":{"line":403,"column":4},"end":{"line":403,"column":28}},"type":"if","locations":[{"start":{"line":403,"column":4},"end":{"line":403,"column":28}},{"start":{},"end":{}}],"line":403},"58":{"loc":{"start":{"line":407,"column":8},"end":{"line":407,"column":33}},"type":"if","locations":[{"start":{"line":407,"column":8},"end":{"line":407,"column":33}},{"start":{},"end":{}}],"line":407},"59":{"loc":{"start":{"line":409,"column":21},"end":{"line":409,"column":50}},"type":"binary-expr","locations":[{"start":{"line":409,"column":21},"end":{"line":409,"column":44}},{"start":{"line":409,"column":48},"end":{"line":409,"column":50}}],"line":409},"60":{"loc":{"start":{"line":411,"column":24},"end":{"line":411,"column":80}},"type":"binary-expr","locations":[{"start":{"line":411,"column":24},"end":{"line":411,"column":40}},{"start":{"line":411,"column":44},"end":{"line":411,"column":80}}],"line":411},"61":{"loc":{"start":{"line":412,"column":34},"end":{"line":412,"column":55}},"type":"cond-expr","locations":[{"start":{"line":412,"column":44},"end":{"line":412,"column":46}},{"start":{"line":412,"column":49},"end":{"line":412,"column":55}}],"line":412}},"s":{"0":28,"1":28,"2":28,"3":28,"4":28,"5":28,"6":28,"7":28,"8":28,"9":28,"10":28,"11":28,"12":28,"13":28,"14":3,"15":3,"16":2,"17":1,"18":1,"19":1,"20":1,"21":1,"22":1,"23":1,"24":1,"25":1,"26":2,"27":2,"28":2,"29":2,"30":2,"31":2,"32":28,"33":0,"34":28,"35":28,"36":160,"37":160,"38":160,"39":160,"40":160,"41":160,"42":160,"43":0,"44":160,"45":36,"46":35,"47":35,"48":36,"49":0,"50":36,"51":0,"52":36,"53":35,"54":2,"55":2,"56":2,"57":36,"58":0,"59":0,"60":36,"61":0,"62":36,"63":0,"64":0,"65":12,"66":12,"67":12,"68":128,"69":128,"70":12,"71":12,"72":12,"73":0,"74":0,"75":0,"76":0,"77":0,"78":12,"79":36,"80":1,"81":35,"82":35,"83":945,"84":945,"85":945,"86":945,"87":945,"88":1,"89":945,"90":9,"91":9,"92":24,"93":24,"94":28,"95":28,"96":10,"97":18,"98":18,"99":18,"100":18,"101":18,"102":0,"103":18,"104":18,"105":0,"106":18,"107":0,"108":0,"109":0,"110":0,"111":0,"112":0,"113":0,"114":0,"115":0,"116":0,"117":0,"118":0,"119":0,"120":0,"121":0,"122":0,"123":0,"124":0,"125":53,"126":18,"127":10,"128":10,"129":18,"130":18,"131":4,"132":4,"133":4,"134":16,"135":16,"136":16,"137":4,"138":4,"139":4,"140":0,"141":4,"142":8,"143":4,"144":0,"145":0,"146":0,"147":0,"148":0,"149":0,"150":0,"151":0,"152":0,"153":0,"154":0,"155":0,"156":0,"157":0,"158":0,"159":2,"160":1,"161":0,"162":1,"163":1,"164":1,"165":2,"166":2,"167":2,"168":2,"169":1,"170":1,"171":1,"172":1,"173":0,"174":0,"175":0,"176":0,"177":0,"178":0,"179":0,"180":0,"181":0,"182":0,"183":0,"184":0,"185":0,"186":0,"187":0,"188":0,"189":0,"190":0,"191":0,"192":0,"193":0,"194":0,"195":0,"196":0,"197":0,"198":0,"199":0,"200":0,"201":0,"202":0,"203":0,"204":0,"205":0,"206":0,"207":0,"208":0,"209":0,"210":0,"211":0,"212":0,"213":0,"214":0,"215":0,"216":0,"217":0,"218":0,"219":0,"220":0,"221":0,"222":0,"223":0,"224":0,"225":0,"226":0,"227":0,"228":0,"229":0,"230":0,"231":4,"232":0,"233":0,"234":0,"235":0,"236":0,"237":0,"238":0,"239":0},"f":{"0":28,"1":3,"2":28,"3":160,"4":0,"5":36,"6":0,"7":0,"8":2,"9":0,"10":0,"11":0,"12":12,"13":128,"14":12,"15":36,"16":945,"17":1,"18":9,"19":24,"20":28,"21":18,"22":0,"23":0,"24":0,"25":0,"26":0,"27":0,"28":0,"29":0,"30":53,"31":18,"32":10,"33":4,"34":16,"35":4,"36":8,"37":0,"38":0,"39":0,"40":2,"41":1,"42":1,"43":2,"44":1,"45":0,"46":0,"47":0,"48":0,"49":0,"50":0,"51":0,"52":0,"53":0,"54":0,"55":0,"56":0,"57":0,"58":0},"b":{"0":[14],"1":[1,1],"2":[2,0],"3":[0,28],"4":[160,130],"5":[160,30],"6":[160,0],"7":[35,1],"8":[35,1],"9":[2,0],"10":[0,0],"11":[0,0],"12":[10,118],"13":[0,12],"14":[0,0],"15":[1,35],"16":[9,0],"17":[24,0],"18":[11,13],"19":[24,21],"20":[10,18],"21":[28,18],"22":[18,18],"23":[18,0],"24":[0,0],"25":[0,0,0],"26":[16,12],"27":[6,10],"28":[0,4],"29":[3,1],"30":[0],"31":[0],"32":[0,0],"33":[0,0],"34":[0,0],"35":[0,0],"36":[0,0],"37":[0,0],"38":[0,0],"39":[0,0],"40":[0,0],"41":[0,0],"42":[0,1],"43":[1,0],"44":[0,0],"45":[0,0],"46":[0,0],"47":[0,0],"48":[0,0],"49":[0,0],"50":[0,0],"51":[0,0],"52":[0,0],"53":[0,0],"54":[0,0],"55":[0,0],"56":[0,0],"57":[0,0],"58":[0,0],"59":[0,0],"60":[0,0],"61":[0,0]},"inputSourceMap":null,"_coverageSchema":"1a1c01bbd47fc00a2c39e90264f33305004495a9","hash":"9ea0f9ca5fc5fc14d99b5954dd7ac5c99fb8819e"}
,"/Users/jeffbridwell/CascadeProjects/personal-website/public/js/helpers.js": {"path":"/Users/jeffbridwell/CascadeProjects/personal-website/public/js/helpers.js","statementMap":{"0":{"start":{"line":6,"column":4},"end":{"line":13,"column":6}},"1":{"start":{"line":7,"column":22},"end":{"line":10,"column":9}},"2":{"start":{"line":8,"column":12},"end":{"line":8,"column":34}},"3":{"start":{"line":9,"column":12},"end":{"line":9,"column":35}},"4":{"start":{"line":11,"column":8},"end":{"line":11,"column":30}},"5":{"start":{"line":12,"column":8},"end":{"line":12,"column":42}},"6":{"start":{"line":18,"column":4},"end":{"line":20,"column":5}},"7":{"start":{"line":19,"column":8},"end":{"line":19,"column":40}},"8":{"start":{"line":21,"column":17},"end":{"line":21,"column":37}},"9":{"start":{"line":23,"column":20},"end":{"line":27,"column":6}},"10":{"start":{"line":28,"column":4},"end":{"line":33,"column":7}},"11":{"start":{"line":38,"column":4},"end":{"line":38,"column":32}},"12":{"start":{"line":38,"column":19},"end":{"line":38,"column":32}},"13":{"start":{"line":39,"column":28},"end":{"line":39,"column":57}},"14":{"start":{"line":40,"column":22},"end":{"line":40,"column":61}},"15":{"start":{"line":41,"column":4},"end":{"line":41,"column":47}},"16":{"start":{"line":46,"column":4},"end":{"line":48,"column":5}},"17":{"start":{"line":47,"column":8},"end":{"line":47,"column":45}},"18":{"start":{"line":51,"column":25},"end":{"line":51,"column":50}},"19":{"start":{"line":52,"column":4},"end":{"line":57,"column":5}},"20":{"start":{"line":54,"column":8},"end":{"line":56,"column":37}},"21":{"start":{"line":59,"column":17},"end":{"line":59,"column":48}},"22":{"start":{"line":60,"column":16},"end":{"line":60,"column":48}},"23":{"start":{"line":63,"column":26},"end":{"line":66,"column":28}},"24":{"start":{"line":69,"column":4},"end":{"line":69,"column":51}},"25":{"start":{"line":74,"column":4},"end":{"line":76,"column":5}},"26":{"start":{"line":75,"column":8},"end":{"line":75,"column":46}},"27":{"start":{"line":78,"column":22},"end":{"line":78,"column":51}},"28":{"start":{"line":79,"column":4},"end":{"line":79,"column":44}},"29":{"start":{"line":80,"column":4},"end":{"line":80,"column":44}},"30":{"start":{"line":81,"column":4},"end":{"line":81,"column":44}},"31":{"start":{"line":83,"column":16},"end":{"line":83,"column":45}},"32":{"start":{"line":84,"column":4},"end":{"line":84,"column":29}},"33":{"start":{"line":85,"column":4},"end":{"line":85,"column":29}},"34":{"start":{"line":86,"column":4},"end":{"line":86,"column":25}},"35":{"start":{"line":88,"column":17},"end":{"line":88,"column":46}},"36":{"start":{"line":89,"column":4},"end":{"line":89,"column":34}},"37":{"start":{"line":90,"column":4},"end":{"line":90,"column":38}},"38":{"start":{"line":92,"column":4},"end":{"line":92,"column":31}},"39":{"start":{"line":93,"column":4},"end":{"line":93,"column":32}},"40":{"start":{"line":96,"column":4},"end":{"line":102,"column":7}},"41":{"start":{"line":97,"column":8},"end":{"line":101,"column":11}},"42":{"start":{"line":104,"column":4},"end":{"line":104,"column":21}},"43":{"start":{"line":109,"column":25},"end":{"line":115,"column":5}},"44":{"start":{"line":118,"column":4},"end":{"line":120,"column":5}},"45":{"start":{"line":119,"column":8},"end":{"line":119,"column":48}},"46":{"start":{"line":123,"column":28},"end":{"line":123,"column":75}},"47":{"start":{"line":124,"column":31},"end":{"line":124,"column":96}},"48":{"start":{"line":124,"column":65},"end":{"line":124,"column":95}},"49":{"start":{"line":125,"column":4},"end":{"line":127,"column":5}},"50":{"start":{"line":126,"column":8},"end":{"line":126,"column":50}},"51":{"start":{"line":130,"column":18},"end":{"line":130,"column":50}},"52":{"start":{"line":133,"column":4},"end":{"line":135,"column":5}},"53":{"start":{"line":134,"column":8},"end":{"line":134,"column":39}},"54":{"start":{"line":136,"column":4},"end":{"line":138,"column":5}},"55":{"start":{"line":137,"column":8},"end":{"line":137,"column":41}},"56":{"start":{"line":141,"column":4},"end":{"line":145,"column":5}},"57":{"start":{"line":142,"column":8},"end":{"line":142,"column":68}},"58":{"start":{"line":144,"column":8},"end":{"line":144,"column":62}},"59":{"start":{"line":147,"column":4},"end":{"line":147,"column":17}},"60":{"start":{"line":152,"column":18},"end":{"line":152,"column":33}},"61":{"start":{"line":154,"column":4},"end":{"line":162,"column":5}},"62":{"start":{"line":155,"column":8},"end":{"line":161,"column":9}},"63":{"start":{"line":156,"column":12},"end":{"line":156,"column":28}},"64":{"start":{"line":157,"column":15},"end":{"line":161,"column":9}},"65":{"start":{"line":158,"column":12},"end":{"line":158,"column":36}},"66":{"start":{"line":159,"column":15},"end":{"line":161,"column":9}},"67":{"start":{"line":160,"column":12},"end":{"line":160,"column":36}},"68":{"start":{"line":164,"column":25},"end":{"line":164,"column":65}},"69":{"start":{"line":165,"column":4},"end":{"line":168,"column":5}},"70":{"start":{"line":166,"column":8},"end":{"line":166,"column":43}},"71":{"start":{"line":167,"column":8},"end":{"line":167,"column":45}},"72":{"start":{"line":170,"column":4},"end":{"line":174,"column":5}},"73":{"start":{"line":171,"column":8},"end":{"line":171,"column":44}},"74":{"start":{"line":173,"column":8},"end":{"line":173,"column":31}},"75":{"start":{"line":179,"column":22},"end":{"line":179,"column":59}},"76":{"start":{"line":180,"column":4},"end":{"line":180,"column":27}},"77":{"start":{"line":180,"column":20},"end":{"line":180,"column":27}},"78":{"start":{"line":182,"column":19},"end":{"line":182,"column":49}},"79":{"start":{"line":183,"column":27},"end":{"line":183,"column":32}},"80":{"start":{"line":185,"column":24},"end":{"line":185,"column":75}},"81":{"start":{"line":187,"column":4},"end":{"line":193,"column":7}},"82":{"start":{"line":188,"column":21},"end":{"line":188,"column":92}},"83":{"start":{"line":189,"column":24},"end":{"line":190,"column":69}},"84":{"start":{"line":190,"column":49},"end":{"line":190,"column":68}},"85":{"start":{"line":191,"column":8},"end":{"line":191,"column":56}},"86":{"start":{"line":192,"column":8},"end":{"line":192,"column":45}},"87":{"start":{"line":192,"column":21},"end":{"line":192,"column":45}},"88":{"start":{"line":195,"column":4},"end":{"line":195,"column":46}},"89":{"start":{"line":200,"column":4},"end":{"line":200,"column":24}},"90":{"start":{"line":200,"column":17},"end":{"line":200,"column":24}},"91":{"start":{"line":201,"column":22},"end":{"line":201,"column":59}},"92":{"start":{"line":202,"column":4},"end":{"line":202,"column":68}},"93":{"start":{"line":202,"column":20},"end":{"line":202,"column":68}},"94":{"start":{"line":204,"column":19},"end":{"line":204,"column":49}},"95":{"start":{"line":205,"column":27},"end":{"line":205,"column":32}},"96":{"start":{"line":207,"column":4},"end":{"line":212,"column":7}},"97":{"start":{"line":208,"column":21},"end":{"line":208,"column":71}},"98":{"start":{"line":209,"column":24},"end":{"line":209,"column":97}},"99":{"start":{"line":210,"column":8},"end":{"line":210,"column":56}},"100":{"start":{"line":211,"column":8},"end":{"line":211,"column":45}},"101":{"start":{"line":211,"column":21},"end":{"line":211,"column":45}},"102":{"start":{"line":214,"column":4},"end":{"line":214,"column":46}},"103":{"start":{"line":219,"column":22},"end":{"line":219,"column":59}},"104":{"start":{"line":220,"column":4},"end":{"line":220,"column":27}},"105":{"start":{"line":220,"column":20},"end":{"line":220,"column":27}},"106":{"start":{"line":222,"column":19},"end":{"line":222,"column":49}},"107":{"start":{"line":223,"column":21},"end":{"line":223,"column":54}},"108":{"start":{"line":225,"column":4},"end":{"line":239,"column":7}},"109":{"start":{"line":228,"column":8},"end":{"line":234,"column":9}},"110":{"start":{"line":229,"column":12},"end":{"line":229,"column":85}},"111":{"start":{"line":230,"column":12},"end":{"line":230,"column":85}},"112":{"start":{"line":231,"column":15},"end":{"line":234,"column":9}},"113":{"start":{"line":232,"column":12},"end":{"line":232,"column":61}},"114":{"start":{"line":233,"column":12},"end":{"line":233,"column":61}},"115":{"start":{"line":236,"column":8},"end":{"line":238,"column":63}},"116":{"start":{"line":241,"column":4},"end":{"line":241,"column":57}},"117":{"start":{"line":241,"column":28},"end":{"line":241,"column":55}},"118":{"start":{"line":242,"column":4},"end":{"line":242,"column":36}},"119":{"start":{"line":247,"column":22},"end":{"line":247,"column":59}},"120":{"start":{"line":248,"column":4},"end":{"line":250,"column":5}},"121":{"start":{"line":249,"column":8},"end":{"line":249,"column":56}},"122":{"start":{"line":252,"column":4},"end":{"line":277,"column":5}},"123":{"start":{"line":253,"column":25},"end":{"line":253,"column":51}},"124":{"start":{"line":254,"column":8},"end":{"line":256,"column":9}},"125":{"start":{"line":255,"column":12},"end":{"line":255,"column":53}},"126":{"start":{"line":257,"column":23},"end":{"line":257,"column":44}},"127":{"start":{"line":260,"column":8},"end":{"line":260,"column":33}},"128":{"start":{"line":263,"column":8},"end":{"line":266,"column":11}},"129":{"start":{"line":264,"column":33},"end":{"line":264,"column":62}},"130":{"start":{"line":265,"column":12},"end":{"line":265,"column":48}},"131":{"start":{"line":268,"column":8},"end":{"line":268,"column":22}},"132":{"start":{"line":270,"column":8},"end":{"line":270,"column":27}},"133":{"start":{"line":271,"column":29},"end":{"line":271,"column":69}},"134":{"start":{"line":272,"column":8},"end":{"line":275,"column":9}},"135":{"start":{"line":273,"column":12},"end":{"line":273,"column":62}},"136":{"start":{"line":274,"column":12},"end":{"line":274,"column":49}},"137":{"start":{"line":276,"column":8},"end":{"line":276,"column":20}},"138":{"start":{"line":282,"column":18},"end":{"line":282,"column":50}},"139":{"start":{"line":283,"column":4},"end":{"line":283,"column":23}},"140":{"start":{"line":283,"column":16},"end":{"line":283,"column":23}},"141":{"start":{"line":286,"column":24},"end":{"line":286,"column":59}},"142":{"start":{"line":287,"column":4},"end":{"line":292,"column":5}},"143":{"start":{"line":288,"column":8},"end":{"line":291,"column":11}},"144":{"start":{"line":289,"column":12},"end":{"line":289,"column":32}},"145":{"start":{"line":290,"column":12},"end":{"line":290,"column":25}},"146":{"start":{"line":295,"column":4},"end":{"line":300,"column":7}},"147":{"start":{"line":297,"column":8},"end":{"line":299,"column":9}},"148":{"start":{"line":298,"column":12},"end":{"line":298,"column":25}},"149":{"start":{"line":303,"column":25},"end":{"line":303,"column":58}},"150":{"start":{"line":304,"column":4},"end":{"line":308,"column":5}},"151":{"start":{"line":305,"column":8},"end":{"line":307,"column":11}},"152":{"start":{"line":306,"column":12},"end":{"line":306,"column":32}},"153":{"start":{"line":313,"column":4},"end":{"line":316,"column":5}},"154":{"start":{"line":314,"column":8},"end":{"line":314,"column":54}},"155":{"start":{"line":315,"column":8},"end":{"line":315,"column":15}},"156":{"start":{"line":318,"column":18},"end":{"line":318,"column":50}},"157":{"start":{"line":319,"column":4},"end":{"line":319,"column":23}},"158":{"start":{"line":319,"column":16},"end":{"line":319,"column":23}},"159":{"start":{"line":321,"column":21},"end":{"line":321,"column":54}},"160":{"start":{"line":322,"column":25},"end":{"line":322,"column":62}},"161":{"start":{"line":324,"column":4},"end":{"line":327,"column":5}},"162":{"start":{"line":325,"column":8},"end":{"line":325,"column":37}},"163":{"start":{"line":326,"column":8},"end":{"line":326,"column":55}},"164":{"start":{"line":329,"column":4},"end":{"line":331,"column":5}},"165":{"start":{"line":330,"column":8},"end":{"line":330,"column":50}},"166":{"start":{"line":333,"column":4},"end":{"line":333,"column":37}},"167":{"start":{"line":338,"column":18},"end":{"line":338,"column":50}},"168":{"start":{"line":339,"column":4},"end":{"line":339,"column":23}},"169":{"start":{"line":339,"column":16},"end":{"line":339,"column":23}},"170":{"start":{"line":341,"column":4},"end":{"line":341,"column":34}},"171":{"start":{"line":343,"column":21},"end":{"line":343,"column":54}},"172":{"start":{"line":344,"column":4},"end":{"line":347,"column":5}},"173":{"start":{"line":345,"column":8},"end":{"line":345,"column":26}},"174":{"start":{"line":346,"column":8},"end":{"line":346,"column":26}},"175":{"start":{"line":349,"column":25},"end":{"line":349,"column":62}},"176":{"start":{"line":350,"column":4},"end":{"line":352,"column":5}},"177":{"start":{"line":351,"column":8},"end":{"line":351,"column":38}},"178":{"start":{"line":357,"column":22},"end":{"line":357,"column":59}},"179":{"start":{"line":358,"column":4},"end":{"line":360,"column":5}},"180":{"start":{"line":359,"column":8},"end":{"line":359,"column":58}},"181":{"start":{"line":365,"column":4},"end":{"line":365,"column":37}},"182":{"start":{"line":369,"column":19},"end":{"line":369,"column":31}},"183":{"start":{"line":370,"column":25},"end":{"line":370,"column":45}},"184":{"start":{"line":371,"column":21},"end":{"line":371,"column":60}},"185":{"start":{"line":373,"column":4},"end":{"line":373,"column":36}},"186":{"start":{"line":374,"column":4},"end":{"line":374,"column":46}},"187":{"start":{"line":378,"column":19},"end":{"line":378,"column":46}},"188":{"start":{"line":379,"column":4},"end":{"line":379,"column":27}}},"fnMap":{"0":{"name":"debounce","decl":{"start":{"line":4,"column":16},"end":{"line":4,"column":24}},"loc":{"start":{"line":4,"column":37},"end":{"line":14,"column":1}},"line":4},"1":{"name":"executedFunction","decl":{"start":{"line":6,"column":20},"end":{"line":6,"column":36}},"loc":{"start":{"line":6,"column":46},"end":{"line":13,"column":5}},"line":6},"2":{"name":"(anonymous_2)","decl":{"start":{"line":7,"column":22},"end":{"line":7,"column":23}},"loc":{"start":{"line":7,"column":28},"end":{"line":10,"column":9}},"line":7},"3":{"name":"formatDate","decl":{"start":{"line":17,"column":16},"end":{"line":17,"column":26}},"loc":{"start":{"line":17,"column":39},"end":{"line":34,"column":1}},"line":17},"4":{"name":"validateImageType","decl":{"start":{"line":37,"column":16},"end":{"line":37,"column":33}},"loc":{"start":{"line":37,"column":44},"end":{"line":42,"column":1}},"line":37},"5":{"name":"sanitizeFileName","decl":{"start":{"line":45,"column":16},"end":{"line":45,"column":32}},"loc":{"start":{"line":45,"column":43},"end":{"line":70,"column":1}},"line":45},"6":{"name":"createImageElement","decl":{"start":{"line":73,"column":16},"end":{"line":73,"column":34}},"loc":{"start":{"line":73,"column":46},"end":{"line":105,"column":1}},"line":73},"7":{"name":"(anonymous_7)","decl":{"start":{"line":96,"column":40},"end":{"line":96,"column":41}},"loc":{"start":{"line":96,"column":46},"end":{"line":102,"column":5}},"line":96},"8":{"name":"updateGalleryState","decl":{"start":{"line":108,"column":16},"end":{"line":108,"column":34}},"loc":{"start":{"line":108,"column":50},"end":{"line":148,"column":1}},"line":108},"9":{"name":"(anonymous_9)","decl":{"start":{"line":124,"column":58},"end":{"line":124,"column":59}},"loc":{"start":{"line":124,"column":65},"end":{"line":124,"column":95}},"line":124},"10":{"name":"handleError","decl":{"start":{"line":151,"column":16},"end":{"line":151,"column":27}},"loc":{"start":{"line":151,"column":50},"end":{"line":175,"column":1}},"line":151},"11":{"name":"filterImages","decl":{"start":{"line":178,"column":16},"end":{"line":178,"column":28}},"loc":{"start":{"line":178,"column":46},"end":{"line":196,"column":1}},"line":178},"12":{"name":"(anonymous_12)","decl":{"start":{"line":187,"column":19},"end":{"line":187,"column":20}},"loc":{"start":{"line":187,"column":32},"end":{"line":193,"column":5}},"line":187},"13":{"name":"(anonymous_13)","decl":{"start":{"line":190,"column":41},"end":{"line":190,"column":42}},"loc":{"start":{"line":190,"column":49},"end":{"line":190,"column":68}},"line":190},"14":{"name":"filterByLetter","decl":{"start":{"line":199,"column":16},"end":{"line":199,"column":30}},"loc":{"start":{"line":199,"column":39},"end":{"line":215,"column":1}},"line":199},"15":{"name":"(anonymous_15)","decl":{"start":{"line":207,"column":19},"end":{"line":207,"column":20}},"loc":{"start":{"line":207,"column":32},"end":{"line":212,"column":5}},"line":207},"16":{"name":"sortImages","decl":{"start":{"line":218,"column":16},"end":{"line":218,"column":26}},"loc":{"start":{"line":218,"column":59},"end":{"line":243,"column":1}},"line":218},"17":{"name":"(anonymous_17)","decl":{"start":{"line":225,"column":16},"end":{"line":225,"column":17}},"loc":{"start":{"line":225,"column":26},"end":{"line":239,"column":5}},"line":225},"18":{"name":"(anonymous_18)","decl":{"start":{"line":241,"column":19},"end":{"line":241,"column":20}},"loc":{"start":{"line":241,"column":28},"end":{"line":241,"column":55}},"line":241},"19":{"name":"loadImages","decl":{"start":{"line":246,"column":22},"end":{"line":246,"column":32}},"loc":{"start":{"line":246,"column":35},"end":{"line":278,"column":1}},"line":246},"20":{"name":"(anonymous_20)","decl":{"start":{"line":263,"column":23},"end":{"line":263,"column":24}},"loc":{"start":{"line":263,"column":36},"end":{"line":266,"column":9}},"line":263},"21":{"name":"initializeModal","decl":{"start":{"line":281,"column":16},"end":{"line":281,"column":31}},"loc":{"start":{"line":281,"column":34},"end":{"line":309,"column":1}},"line":281},"22":{"name":"(anonymous_22)","decl":{"start":{"line":288,"column":46},"end":{"line":288,"column":47}},"loc":{"start":{"line":288,"column":53},"end":{"line":291,"column":9}},"line":288},"23":{"name":"(anonymous_23)","decl":{"start":{"line":295,"column":36},"end":{"line":295,"column":37}},"loc":{"start":{"line":295,"column":43},"end":{"line":300,"column":5}},"line":295},"24":{"name":"(anonymous_24)","decl":{"start":{"line":305,"column":47},"end":{"line":305,"column":48}},"loc":{"start":{"line":305,"column":54},"end":{"line":307,"column":9}},"line":305},"25":{"name":"openModal","decl":{"start":{"line":312,"column":16},"end":{"line":312,"column":25}},"loc":{"start":{"line":312,"column":37},"end":{"line":334,"column":1}},"line":312},"26":{"name":"closeModal","decl":{"start":{"line":337,"column":16},"end":{"line":337,"column":26}},"loc":{"start":{"line":337,"column":29},"end":{"line":353,"column":1}},"line":337},"27":{"name":"updateNoResultsMessage","decl":{"start":{"line":356,"column":16},"end":{"line":356,"column":38}},"loc":{"start":{"line":356,"column":45},"end":{"line":361,"column":1}},"line":356},"28":{"name":"handleSearch","decl":{"start":{"line":364,"column":16},"end":{"line":364,"column":28}},"loc":{"start":{"line":364,"column":36},"end":{"line":366,"column":1}},"line":364},"29":{"name":"handleSort","decl":{"start":{"line":368,"column":16},"end":{"line":368,"column":26}},"loc":{"start":{"line":368,"column":34},"end":{"line":375,"column":1}},"line":368},"30":{"name":"handleLetterFilter","decl":{"start":{"line":377,"column":16},"end":{"line":377,"column":34}},"loc":{"start":{"line":377,"column":42},"end":{"line":380,"column":1}},"line":377}},"branchMap":{"0":{"loc":{"start":{"line":18,"column":4},"end":{"line":20,"column":5}},"type":"if","locations":[{"start":{"line":18,"column":4},"end":{"line":20,"column":5}},{"start":{},"end":{}}],"line":18},"1":{"loc":{"start":{"line":18,"column":8},"end":{"line":18,"column":60}},"type":"binary-expr","locations":[{"start":{"line":18,"column":8},"end":{"line":18,"column":19}},{"start":{"line":18,"column":23},"end":{"line":18,"column":60}}],"line":18},"2":{"loc":{"start":{"line":38,"column":4},"end":{"line":38,"column":32}},"type":"if","locations":[{"start":{"line":38,"column":4},"end":{"line":38,"column":32}},{"start":{},"end":{}}],"line":38},"3":{"loc":{"start":{"line":46,"column":4},"end":{"line":48,"column":5}},"type":"if","locations":[{"start":{"line":46,"column":4},"end":{"line":48,"column":5}},{"start":{},"end":{}}],"line":46},"4":{"loc":{"start":{"line":52,"column":4},"end":{"line":57,"column":5}},"type":"if","locations":[{"start":{"line":52,"column":4},"end":{"line":57,"column":5}},{"start":{},"end":{}}],"line":52},"5":{"loc":{"start":{"line":74,"column":4},"end":{"line":76,"column":5}},"type":"if","locations":[{"start":{"line":74,"column":4},"end":{"line":76,"column":5}},{"start":{},"end":{}}],"line":74},"6":{"loc":{"start":{"line":74,"column":8},"end":{"line":74,"column":56}},"type":"binary-expr","locations":[{"start":{"line":74,"column":8},"end":{"line":74,"column":18}},{"start":{"line":74,"column":22},"end":{"line":74,"column":37}},{"start":{"line":74,"column":41},"end":{"line":74,"column":56}}],"line":74},"7":{"loc":{"start":{"line":108,"column":35},"end":{"line":108,"column":48}},"type":"default-arg","locations":[{"start":{"line":108,"column":46},"end":{"line":108,"column":48}}],"line":108},"8":{"loc":{"start":{"line":118,"column":4},"end":{"line":120,"column":5}},"type":"if","locations":[{"start":{"line":118,"column":4},"end":{"line":120,"column":5}},{"start":{},"end":{}}],"line":118},"9":{"loc":{"start":{"line":125,"column":4},"end":{"line":127,"column":5}},"type":"if","locations":[{"start":{"line":125,"column":4},"end":{"line":127,"column":5}},{"start":{},"end":{}}],"line":125},"10":{"loc":{"start":{"line":133,"column":4},"end":{"line":135,"column":5}},"type":"if","locations":[{"start":{"line":133,"column":4},"end":{"line":135,"column":5}},{"start":{},"end":{}}],"line":133},"11":{"loc":{"start":{"line":133,"column":8},"end":{"line":133,"column":60}},"type":"binary-expr","locations":[{"start":{"line":133,"column":8},"end":{"line":133,"column":18}},{"start":{"line":133,"column":22},"end":{"line":133,"column":60}}],"line":133},"12":{"loc":{"start":{"line":136,"column":4},"end":{"line":138,"column":5}},"type":"if","locations":[{"start":{"line":136,"column":4},"end":{"line":138,"column":5}},{"start":{},"end":{}}],"line":136},"13":{"loc":{"start":{"line":136,"column":8},"end":{"line":136,"column":61}},"type":"binary-expr","locations":[{"start":{"line":136,"column":8},"end":{"line":136,"column":19}},{"start":{"line":136,"column":23},"end":{"line":136,"column":61}}],"line":136},"14":{"loc":{"start":{"line":151,"column":35},"end":{"line":151,"column":48}},"type":"default-arg","locations":[{"start":{"line":151,"column":43},"end":{"line":151,"column":48}}],"line":151},"15":{"loc":{"start":{"line":154,"column":4},"end":{"line":162,"column":5}},"type":"if","locations":[{"start":{"line":154,"column":4},"end":{"line":162,"column":5}},{"start":{},"end":{}}],"line":154},"16":{"loc":{"start":{"line":155,"column":8},"end":{"line":161,"column":9}},"type":"if","locations":[{"start":{"line":155,"column":8},"end":{"line":161,"column":9}},{"start":{"line":157,"column":15},"end":{"line":161,"column":9}}],"line":155},"17":{"loc":{"start":{"line":157,"column":15},"end":{"line":161,"column":9}},"type":"if","locations":[{"start":{"line":157,"column":15},"end":{"line":161,"column":9}},{"start":{"line":159,"column":15},"end":{"line":161,"column":9}}],"line":157},"18":{"loc":{"start":{"line":159,"column":15},"end":{"line":161,"column":9}},"type":"if","locations":[{"start":{"line":159,"column":15},"end":{"line":161,"column":9}},{"start":{},"end":{}}],"line":159},"19":{"loc":{"start":{"line":165,"column":4},"end":{"line":168,"column":5}},"type":"if","locations":[{"start":{"line":165,"column":4},"end":{"line":168,"column":5}},{"start":{},"end":{}}],"line":165},"20":{"loc":{"start":{"line":170,"column":4},"end":{"line":174,"column":5}},"type":"if","locations":[{"start":{"line":170,"column":4},"end":{"line":174,"column":5}},{"start":{"line":172,"column":11},"end":{"line":174,"column":5}}],"line":170},"21":{"loc":{"start":{"line":170,"column":8},"end":{"line":170,"column":39}},"type":"binary-expr","locations":[{"start":{"line":170,"column":8},"end":{"line":170,"column":13}},{"start":{"line":170,"column":17},"end":{"line":170,"column":39}}],"line":170},"22":{"loc":{"start":{"line":178,"column":29},"end":{"line":178,"column":44}},"type":"default-arg","locations":[{"start":{"line":178,"column":42},"end":{"line":178,"column":44}}],"line":178},"23":{"loc":{"start":{"line":180,"column":4},"end":{"line":180,"column":27}},"type":"if","locations":[{"start":{"line":180,"column":4},"end":{"line":180,"column":27}},{"start":{},"end":{}}],"line":180},"24":{"loc":{"start":{"line":188,"column":21},"end":{"line":188,"column":92}},"type":"binary-expr","locations":[{"start":{"line":188,"column":21},"end":{"line":188,"column":86}},{"start":{"line":188,"column":90},"end":{"line":188,"column":92}}],"line":188},"25":{"loc":{"start":{"line":189,"column":24},"end":{"line":190,"column":69}},"type":"binary-expr","locations":[{"start":{"line":189,"column":24},"end":{"line":189,"column":48}},{"start":{"line":190,"column":23},"end":{"line":190,"column":69}}],"line":189},"26":{"loc":{"start":{"line":191,"column":34},"end":{"line":191,"column":55}},"type":"cond-expr","locations":[{"start":{"line":191,"column":44},"end":{"line":191,"column":46}},{"start":{"line":191,"column":49},"end":{"line":191,"column":55}}],"line":191},"27":{"loc":{"start":{"line":192,"column":8},"end":{"line":192,"column":45}},"type":"if","locations":[{"start":{"line":192,"column":8},"end":{"line":192,"column":45}},{"start":{},"end":{}}],"line":192},"28":{"loc":{"start":{"line":200,"column":4},"end":{"line":200,"column":24}},"type":"if","locations":[{"start":{"line":200,"column":4},"end":{"line":200,"column":24}},{"start":{},"end":{}}],"line":200},"29":{"loc":{"start":{"line":202,"column":4},"end":{"line":202,"column":68}},"type":"if","locations":[{"start":{"line":202,"column":4},"end":{"line":202,"column":68}},{"start":{},"end":{}}],"line":202},"30":{"loc":{"start":{"line":209,"column":24},"end":{"line":209,"column":97}},"type":"binary-expr","locations":[{"start":{"line":209,"column":24},"end":{"line":209,"column":40}},{"start":{"line":209,"column":44},"end":{"line":209,"column":97}}],"line":209},"31":{"loc":{"start":{"line":210,"column":34},"end":{"line":210,"column":55}},"type":"cond-expr","locations":[{"start":{"line":210,"column":44},"end":{"line":210,"column":46}},{"start":{"line":210,"column":49},"end":{"line":210,"column":55}}],"line":210},"32":{"loc":{"start":{"line":211,"column":8},"end":{"line":211,"column":45}},"type":"if","locations":[{"start":{"line":211,"column":8},"end":{"line":211,"column":45}},{"start":{},"end":{}}],"line":211},"33":{"loc":{"start":{"line":218,"column":27},"end":{"line":218,"column":42}},"type":"default-arg","locations":[{"start":{"line":218,"column":36},"end":{"line":218,"column":42}}],"line":218},"34":{"loc":{"start":{"line":218,"column":44},"end":{"line":218,"column":57}},"type":"default-arg","locations":[{"start":{"line":218,"column":52},"end":{"line":218,"column":57}}],"line":218},"35":{"loc":{"start":{"line":220,"column":4},"end":{"line":220,"column":27}},"type":"if","locations":[{"start":{"line":220,"column":4},"end":{"line":220,"column":27}},{"start":{},"end":{}}],"line":220},"36":{"loc":{"start":{"line":228,"column":8},"end":{"line":234,"column":9}},"type":"if","locations":[{"start":{"line":228,"column":8},"end":{"line":234,"column":9}},{"start":{"line":231,"column":15},"end":{"line":234,"column":9}}],"line":228},"37":{"loc":{"start":{"line":229,"column":21},"end":{"line":229,"column":84}},"type":"binary-expr","locations":[{"start":{"line":229,"column":21},"end":{"line":229,"column":78}},{"start":{"line":229,"column":82},"end":{"line":229,"column":84}}],"line":229},"38":{"loc":{"start":{"line":230,"column":21},"end":{"line":230,"column":84}},"type":"binary-expr","locations":[{"start":{"line":230,"column":21},"end":{"line":230,"column":78}},{"start":{"line":230,"column":82},"end":{"line":230,"column":84}}],"line":230},"39":{"loc":{"start":{"line":231,"column":15},"end":{"line":234,"column":9}},"type":"if","locations":[{"start":{"line":231,"column":15},"end":{"line":234,"column":9}},{"start":{},"end":{}}],"line":231},"40":{"loc":{"start":{"line":232,"column":30},"end":{"line":232,"column":49}},"type":"binary-expr","locations":[{"start":{"line":232,"column":30},"end":{"line":232,"column":44}},{"start":{"line":232,"column":48},"end":{"line":232,"column":49}}],"line":232},"41":{"loc":{"start":{"line":233,"column":30},"end":{"line":233,"column":49}},"type":"binary-expr","locations":[{"start":{"line":233,"column":30},"end":{"line":233,"column":44}},{"start":{"line":233,"column":48},"end":{"line":233,"column":49}}],"line":233},"42":{"loc":{"start":{"line":236,"column":15},"end":{"line":238,"column":62}},"type":"cond-expr","locations":[{"start":{"line":237,"column":15},"end":{"line":237,"column":61}},{"start":{"line":238,"column":15},"end":{"line":238,"column":61}}],"line":236},"43":{"loc":{"start":{"line":237,"column":15},"end":{"line":237,"column":61}},"type":"cond-expr","locations":[{"start":{"line":237,"column":33},"end":{"line":237,"column":35}},{"start":{"line":237,"column":38},"end":{"line":237,"column":61}}],"line":237},"44":{"loc":{"start":{"line":237,"column":38},"end":{"line":237,"column":61}},"type":"cond-expr","locations":[{"start":{"line":237,"column":56},"end":{"line":237,"column":57}},{"start":{"line":237,"column":60},"end":{"line":237,"column":61}}],"line":237},"45":{"loc":{"start":{"line":238,"column":15},"end":{"line":238,"column":61}},"type":"cond-expr","locations":[{"start":{"line":238,"column":33},"end":{"line":238,"column":35}},{"start":{"line":238,"column":38},"end":{"line":238,"column":61}}],"line":238},"46":{"loc":{"start":{"line":238,"column":38},"end":{"line":238,"column":61}},"type":"cond-expr","locations":[{"start":{"line":238,"column":56},"end":{"line":238,"column":57}},{"start":{"line":238,"column":60},"end":{"line":238,"column":61}}],"line":238},"47":{"loc":{"start":{"line":248,"column":4},"end":{"line":250,"column":5}},"type":"if","locations":[{"start":{"line":248,"column":4},"end":{"line":250,"column":5}},{"start":{},"end":{}}],"line":248},"48":{"loc":{"start":{"line":254,"column":8},"end":{"line":256,"column":9}},"type":"if","locations":[{"start":{"line":254,"column":8},"end":{"line":256,"column":9}},{"start":{},"end":{}}],"line":254},"49":{"loc":{"start":{"line":272,"column":8},"end":{"line":275,"column":9}},"type":"if","locations":[{"start":{"line":272,"column":8},"end":{"line":275,"column":9}},{"start":{},"end":{}}],"line":272},"50":{"loc":{"start":{"line":283,"column":4},"end":{"line":283,"column":23}},"type":"if","locations":[{"start":{"line":283,"column":4},"end":{"line":283,"column":23}},{"start":{},"end":{}}],"line":283},"51":{"loc":{"start":{"line":287,"column":4},"end":{"line":292,"column":5}},"type":"if","locations":[{"start":{"line":287,"column":4},"end":{"line":292,"column":5}},{"start":{},"end":{}}],"line":287},"52":{"loc":{"start":{"line":297,"column":8},"end":{"line":299,"column":9}},"type":"if","locations":[{"start":{"line":297,"column":8},"end":{"line":299,"column":9}},{"start":{},"end":{}}],"line":297},"53":{"loc":{"start":{"line":304,"column":4},"end":{"line":308,"column":5}},"type":"if","locations":[{"start":{"line":304,"column":4},"end":{"line":308,"column":5}},{"start":{},"end":{}}],"line":304},"54":{"loc":{"start":{"line":313,"column":4},"end":{"line":316,"column":5}},"type":"if","locations":[{"start":{"line":313,"column":4},"end":{"line":316,"column":5}},{"start":{},"end":{}}],"line":313},"55":{"loc":{"start":{"line":313,"column":8},"end":{"line":313,"column":55}},"type":"binary-expr","locations":[{"start":{"line":313,"column":8},"end":{"line":313,"column":18}},{"start":{"line":313,"column":22},"end":{"line":313,"column":36}},{"start":{"line":313,"column":40},"end":{"line":313,"column":55}}],"line":313},"56":{"loc":{"start":{"line":319,"column":4},"end":{"line":319,"column":23}},"type":"if","locations":[{"start":{"line":319,"column":4},"end":{"line":319,"column":23}},{"start":{},"end":{}}],"line":319},"57":{"loc":{"start":{"line":324,"column":4},"end":{"line":327,"column":5}},"type":"if","locations":[{"start":{"line":324,"column":4},"end":{"line":327,"column":5}},{"start":{},"end":{}}],"line":324},"58":{"loc":{"start":{"line":326,"column":23},"end":{"line":326,"column":54}},"type":"binary-expr","locations":[{"start":{"line":326,"column":23},"end":{"line":326,"column":36}},{"start":{"line":326,"column":40},"end":{"line":326,"column":54}}],"line":326},"59":{"loc":{"start":{"line":329,"column":4},"end":{"line":331,"column":5}},"type":"if","locations":[{"start":{"line":329,"column":4},"end":{"line":331,"column":5}},{"start":{},"end":{}}],"line":329},"60":{"loc":{"start":{"line":339,"column":4},"end":{"line":339,"column":23}},"type":"if","locations":[{"start":{"line":339,"column":4},"end":{"line":339,"column":23}},{"start":{},"end":{}}],"line":339},"61":{"loc":{"start":{"line":344,"column":4},"end":{"line":347,"column":5}},"type":"if","locations":[{"start":{"line":344,"column":4},"end":{"line":347,"column":5}},{"start":{},"end":{}}],"line":344},"62":{"loc":{"start":{"line":350,"column":4},"end":{"line":352,"column":5}},"type":"if","locations":[{"start":{"line":350,"column":4},"end":{"line":352,"column":5}},{"start":{},"end":{}}],"line":350},"63":{"loc":{"start":{"line":358,"column":4},"end":{"line":360,"column":5}},"type":"if","locations":[{"start":{"line":358,"column":4},"end":{"line":360,"column":5}},{"start":{},"end":{}}],"line":358},"64":{"loc":{"start":{"line":359,"column":34},"end":{"line":359,"column":57}},"type":"cond-expr","locations":[{"start":{"line":359,"column":41},"end":{"line":359,"column":48}},{"start":{"line":359,"column":51},"end":{"line":359,"column":57}}],"line":359},"65":{"loc":{"start":{"line":371,"column":21},"end":{"line":371,"column":60}},"type":"cond-expr","locations":[{"start":{"line":371,"column":46},"end":{"line":371,"column":52}},{"start":{"line":371,"column":55},"end":{"line":371,"column":60}}],"line":371}},"s":{"0":0,"1":0,"2":0,"3":0,"4":0,"5":0,"6":0,"7":0,"8":0,"9":0,"10":0,"11":9,"12":0,"13":9,"14":9,"15":9,"16":0,"17":0,"18":0,"19":0,"20":0,"21":0,"22":0,"23":0,"24":0,"25":0,"26":0,"27":0,"28":0,"29":0,"30":0,"31":0,"32":0,"33":0,"34":0,"35":0,"36":0,"37":0,"38":0,"39":0,"40":0,"41":0,"42":0,"43":2,"44":2,"45":0,"46":2,"47":2,"48":3,"49":2,"50":0,"51":2,"52":2,"53":0,"54":2,"55":0,"56":2,"57":2,"58":0,"59":2,"60":0,"61":0,"62":0,"63":0,"64":0,"65":0,"66":0,"67":0,"68":0,"69":0,"70":0,"71":0,"72":0,"73":0,"74":0,"75":6,"76":6,"77":0,"78":6,"79":6,"80":6,"81":6,"82":18,"83":18,"84":12,"85":18,"86":18,"87":10,"88":6,"89":0,"90":0,"91":0,"92":0,"93":0,"94":0,"95":0,"96":0,"97":0,"98":0,"99":0,"100":0,"101":0,"102":0,"103":4,"104":4,"105":0,"106":4,"107":4
[...]
n":27}},"147":{"start":{"line":338,"column":20},"end":{"line":338,"column":27}},"148":{"start":{"line":340,"column":29},"end":{"line":341,"column":62}},"149":{"start":{"line":341,"column":27},"end":{"line":341,"column":61}},"150":{"start":{"line":343,"column":4},"end":{"line":343,"column":66}},"151":{"start":{"line":348,"column":21},"end":{"line":348,"column":64}},"152":{"start":{"line":349,"column":16},"end":{"line":349,"column":45}},"153":{"start":{"line":351,"column":4},"end":{"line":374,"column":5}},"154":{"start":{"line":353,"column":26},"end":{"line":353,"column":42}},"155":{"start":{"line":356,"column":8},"end":{"line":356,"column":46}},"156":{"start":{"line":359,"column":29},"end":{"line":368,"column":9}},"157":{"start":{"line":360,"column":30},"end":{"line":360,"column":86}},"158":{"start":{"line":361,"column":31},"end":{"line":361,"column":75}},"159":{"start":{"line":363,"column":12},"end":{"line":367,"column":13}},"160":{"start":{"line":364,"column":16},"end":{"line":364,"column":49}},"161":{"start":{"line":366,"column":16},"end":{"line":366,"column":52}},"162":{"start":{"line":370,"column":8},"end":{"line":370,"column":56}},"163":{"start":{"line":373,"column":8},"end":{"line":373,"column":23}},"164":{"start":{"line":380,"column":4},"end":{"line":387,"column":6}},"165":{"start":{"line":381,"column":22},"end":{"line":384,"column":9}},"166":{"start":{"line":382,"column":12},"end":{"line":382,"column":34}},"167":{"start":{"line":383,"column":12},"end":{"line":383,"column":26}},"168":{"start":{"line":385,"column":8},"end":{"line":385,"column":30}},"169":{"start":{"line":386,"column":8},"end":{"line":386,"column":42}}},"fnMap":{"0":{"name":"setupTestDOM","decl":{"start":{"line":19,"column":16},"end":{"line":19,"column":28}},"loc":{"start":{"line":19,"column":31},"end":{"line":90,"column":1}},"line":19},"1":{"name":"(anonymous_1)","decl":{"start":{"line":80,"column":31},"end":{"line":80,"column":32}},"loc":{"start":{"line":80,"column":38},"end":{"line":84,"column":5}},"line":80},"2":{"name":"(anonymous_2)","decl":{"start":{"line":82,"column":21},"end":{"line":82,"column":22}},"loc":{"start":{"line":82,"column":27},"end":{"line":82,"column":29}},"line":82},"3":{"name":"(anonymous_3)","decl":{"start":{"line":83,"column":24},"end":{"line":83,"column":25}},"loc":{"start":{"line":83,"column":30},"end":{"line":83,"column":32}},"line":83},"4":{"name":"(anonymous_4)","decl":{"start":{"line":86,"column":42},"end":{"line":86,"column":43}},"loc":{"start":{"line":86,"column":54},"end":{"line":86,"column":77}},"line":86},"5":{"name":"(anonymous_5)","decl":{"start":{"line":87,"column":41},"end":{"line":87,"column":42}},"loc":{"start":{"line":87,"column":47},"end":{"line":87,"column":63}},"line":87},"6":{"name":"simulateInput","decl":{"start":{"line":92,"column":16},"end":{"line":92,"column":29}},"loc":{"start":{"line":92,"column":46},"end":{"line":107,"column":1}},"line":92},"7":{"name":"simulateClick","decl":{"start":{"line":109,"column":16},"end":{"line":109,"column":29}},"loc":{"start":{"line":109,"column":39},"end":{"line":126,"column":1}},"line":109},"8":{"name":"flushPromises","decl":{"start":{"line":128,"column":22},"end":{"line":128,"column":35}},"loc":{"start":{"line":128,"column":38},"end":{"line":131,"column":1}},"line":128},"9":{"name":"(anonymous_9)","decl":{"start":{"line":130,"column":23},"end":{"line":130,"column":24}},"loc":{"start":{"line":130,"column":34},"end":{"line":130,"column":56}},"line":130},"10":{"name":"cleanupDOM","decl":{"start":{"line":133,"column":16},"end":{"line":133,"column":26}},"loc":{"start":{"line":133,"column":29},"end":{"line":153,"column":1}},"line":133},"11":{"name":"(anonymous_11)","decl":{"start":{"line":148,"column":20},"end":{"line":148,"column":21}},"loc":{"start":{"line":148,"column":28},"end":{"line":152,"column":5}},"line":148},"12":{"name":"cleanupGlobalState","decl":{"start":{"line":155,"column":16},"end":{"line":155,"column":34}},"loc":{"start":{"line":155,"column":37},"end":{"line":157,"column":1}},"line":155},"13":{"name":"simulateKeyPress","decl":{"start":{"line":159,"column":16},"end":{"line":159,"column":32}},"loc":{"start":{"line":159,"column":38},"end":{"line":163,"column":1}},"line":159},"14":{"name":"loadImages","decl":{"start":{"line":166,"column":22},"end":{"line":166,"column":32}},"loc":{"start":{"line":166,"column":35},"end":{"line":214,"column":1}},"line":166},"15":{"name":"(anonymous_15)","decl":{"start":{"line":183,"column":23},"end":{"line":183,"column":24}},"loc":{"start":{"line":183,"column":32},"end":{"line":203,"column":9}},"line":183},"16":{"name":"initializeGalleryControls","decl":{"start":{"line":216,"column":16},"end":{"line":216,"column":41}},"loc":{"start":{"line":216,"column":44},"end":{"line":246,"column":1}},"line":216},"17":{"name":"(anonymous_17)","decl":{"start":{"line":227,"column":51},"end":{"line":227,"column":52}},"loc":{"start":{"line":227,"column":61},"end":{"line":233,"column":5}},"line":227},"18":{"name":"(anonymous_18)","decl":{"start":{"line":231,"column":41},"end":{"line":231,"column":42}},"loc":{"start":{"line":231,"column":47},"end":{"line":231,"column":73}},"line":231},"19":{"name":"(anonymous_19)","decl":{"start":{"line":236,"column":42},"end":{"line":236,"column":43}},"loc":{"start":{"line":236,"column":49},"end":{"line":236,"column":77}},"line":236},"20":{"name":"(anonymous_20)","decl":{"start":{"line":239,"column":24},"end":{"line":239,"column":25}},"loc":{"start":{"line":239,"column":34},"end":{"line":245,"column":5}},"line":239},"21":{"name":"(anonymous_21)","decl":{"start":{"line":240,"column":41},"end":{"line":240,"column":42}},"loc":{"start":{"line":240,"column":47},"end":{"line":244,"column":9}},"line":240},"22":{"name":"sortImages","decl":{"start":{"line":248,"column":16},"end":{"line":248,"column":26}},"loc":{"start":{"line":248,"column":59},"end":{"line":278,"column":1}},"line":248},"23":{"name":"(anonymous_23)","decl":{"start":{"line":256,"column":20},"end":{"line":256,"column":21}},"loc":{"start":{"line":256,"column":30},"end":{"line":272,"column":5}},"line":256},"24":{"name":"(anonymous_24)","decl":{"start":{"line":275,"column":23},"end":{"line":275,"column":24}},"loc":{"start":{"line":275,"column":36},"end":{"line":277,"column":5}},"line":275},"25":{"name":"handleSearch","decl":{"start":{"line":280,"column":16},"end":{"line":280,"column":28}},"loc":{"start":{"line":280,"column":36},"end":{"line":282,"column":1}},"line":280},"26":{"name":"handleSort","decl":{"start":{"line":284,"column":16},"end":{"line":284,"column":26}},"loc":{"start":{"line":284,"column":34},"end":{"line":295,"column":1}},"line":284},"27":{"name":"handleLetterFilter","decl":{"start":{"line":297,"column":16},"end":{"line":297,"column":34}},"loc":{"start":{"line":297,"column":42},"end":{"line":300,"column":1}},"line":297},"28":{"name":"filterImages","decl":{"start":{"line":303,"column":16},"end":{"line":303,"column":28}},"loc":{"start":{"line":303,"column":41},"end":{"line":317,"column":1}},"line":303},"29":{"name":"(anonymous_29)","decl":{"start":{"line":309,"column":23},"end":{"line":309,"column":24}},"loc":{"start":{"line":309,"column":36},"end":{"line":314,"column":5}},"line":309},"30":{"name":"filterByLetter","decl":{"start":{"line":319,"column":16},"end":{"line":319,"column":30}},"loc":{"start":{"line":319,"column":39},"end":{"line":333,"column":1}},"line":319},"31":{"name":"(anonymous_31)","decl":{"start":{"line":325,"column":23},"end":{"line":325,"column":24}},"loc":{"start":{"line":325,"column":36},"end":{"line":330,"column":5}},"line":325},"32":{"name":"updateNoResultsMessage","decl":{"start":{"line":336,"column":16},"end":{"line":336,"column":38}},"loc":{"start":{"line":336,"column":41},"end":{"line":344,"column":1}},"line":336},"33":{"name":"(anonymous_33)","decl":{"start":{"line":341,"column":14},"end":{"line":341,"column":15}},"loc":{"start":{"line":341,"column":27},"end":{"line":341,"column":61}},"line":341},"34":{"name":"initializeStickyControls","decl":{"start":{"line":347,"column":16},"end":{"line":347,"column":40}},"loc":{"start":{"line":347,"column":43},"end":{"line":375,"column":1}},"line":347},"35":{"name":"(anonymous_35)","decl":{"start":{"line":359,"column":29},"end":{"line":359,"column":30}},"loc":{"start":{"line":359,"column":35},"end":{"line":368,"column":9}},"line":359},"36":{"name":"debounce","decl":{"start":{"line":378,"column":16},"end":{"line":378,"column":24}},"loc":{"start":{"line":378,"column":37},"end":{"line":388,"column":1}},"line":378},"37":{"name":"executedFunction","decl":{"start":{"line":380,"column":20},"end":{"line":380,"column":36}},"loc":{"start":{"line":380,"column":46},"end":{"line":387,"column":5}},"line":380},"38":{"name":"(anonymous_38)","decl":{"start":{"line":381,"column":22},"end":{"line":381,"column":23}},"loc":{"start":{"line":381,"column":28},"end":{"line":384,"column":9}},"line":381}},"branchMap":{"0":{"loc":{"start":{"line":93,"column":4},"end":{"line":93,"column":76}},"type":"if","locations":[{"start":{"line":93,"column":4},"end":{"line":93,"column":76}},{"start":{},"end":{}}],"line":93},"1":{"loc":{"start":{"line":110,"column":4},"end":{"line":110,"column":76}},"type":"if","locations":[{"start":{"line":110,"column":4},"end":{"line":110,"column":76}},{"start":{},"end":{}}],"line":110},"2":{"loc":{"start":{"line":135,"column":4},"end":{"line":140,"column":5}},"type":"if","locations":[{"start":{"line":135,"column":4},"end":{"line":140,"column":5}},{"start":{},"end":{}}],"line":135},"3":{"loc":{"start":{"line":137,"column":8},"end":{"line":139,"column":9}},"type":"if","locations":[{"start":{"line":137,"column":8},"end":{"line":139,"column":9}},{"start":{},"end":{}}],"line":137},"4":{"loc":{"start":{"line":149,"column":8},"end":{"line":151,"column":9}},"type":"if","locations":[{"start":{"line":149,"column":8},"end":{"line":151,"column":9}},{"start":{},"end":{}}],"line":149},"5":{"loc":{"start":{"line":169,"column":8},"end":{"line":171,"column":9}},"type":"if","locations":[{"start":{"line":169,"column":8},"end":{"line":171,"column":9}},{"start":{},"end":{}}],"line":169},"6":{"loc":{"start":{"line":175,"column":8},"end":{"line":177,"column":9}},"type":"if","locations":[{"start":{"line":175,"column":8},"end":{"line":177,"column":9}},{"start":{},"end":{}}],"line":175},"7":{"loc":{"start":{"line":189,"column":22},"end":{"line":189,"column":51}},"type":"binary-expr","locations":[{"start":{"line":189,"column":22},"end":{"line":189,"column":32}},{"start":{"line":189,"column":36},"end":{"line":189,"column":51}}],"line":189},"8":{"loc":{"start":{"line":192,"column":12},"end":{"line":194,"column":13}},"type":"if","locations":[{"start":{"line":192,"column":12},"end":{"line":194,"column":13}},{"start":{},"end":{}}],"line":192},"9":{"loc":{"start":{"line":198,"column":31},"end":{"line":198,"column":60}},"type":"binary-expr","locations":[{"start":{"line":198,"column":31},"end":{"line":198,"column":41}},{"start":{"line":198,"column":45},"end":{"line":198,"column":60}}],"line":198},"10":{"loc":{"start":{"line":208,"column":8},"end":{"line":211,"column":9}},"type":"if","locations":[{"start":{"line":208,"column":8},"end":{"line":211,"column":9}},{"start":{},"end":{}}],"line":208},"11":{"loc":{"start":{"line":221,"column":4},"end":{"line":224,"column":5}},"type":"if","locations":[{"start":{"line":221,"column":4},"end":{"line":224,"column":5}},{"start":{},"end":{}}],"line":221},"12":{"loc":{"start":{"line":221,"column":8},"end":{"line":221,"column":40}},"type":"binary-expr","locations":[{"start":{"line":221,"column":8},"end":{"line":221,"column":20}},{"start":{"line":221,"column":24},"end":{"line":221,"column":40}}],"line":221},"13":{"loc":{"start":{"line":242,"column":30},"end":{"line":242,"column":63}},"type":"binary-expr","locations":[{"start":{"line":242,"column":30},"end":{"line":242,"column":54}},{"start":{"line":242,"column":58},"end":{"line":242,"column":63}}],"line":242},"14":{"loc":{"start":{"line":248,"column":27},"end":{"line":248,"column":42}},"type":"default-arg","locations":[{"start":{"line":248,"column":36},"end":{"line":248,"column":42}}],"line":248},"15":{"loc":{"start":{"line":248,"column":44},"end":{"line":248,"column":57}},"type":"default-arg","locations":[{"start":{"line":248,"column":52},"end":{"line":248,"column":57}}],"line":248},"16":{"loc":{"start":{"line":250,"column":4},"end":{"line":252,"column":5}},"type":"if","locations":[{"start":{"line":250,"column":4},"end":{"line":252,"column":5}},{"start":{},"end":{}}],"line":250},"17":{"loc":{"start":{"line":259,"column":8},"end":{"line":265,"column":9}},"type":"if","locations":[{"start":{"line":259,"column":8},"end":{"line":265,"column":9}},{"start":{"line":262,"column":15},"end":{"line":265,"column":9}}],"line":259},"18":{"loc":{"start":{"line":260,"column":30},"end":{"line":260,"column":49}},"type":"binary-expr","locations":[{"start":{"line":260,"column":30},"end":{"line":260,"column":44}},{"start":{"line":260,"column":48},"end":{"line":260,"column":49}}],"line":260},"19":{"loc":{"start":{"line":261,"column":30},"end":{"line":261,"column":49}},"type":"binary-expr","locations":[{"start":{"line":261,"column":30},"end":{"line":261,"column":44}},{"start":{"line":261,"column":48},"end":{"line":261,"column":49}}],"line":261},"20":{"loc":{"start":{"line":267,"column":8},"end":{"line":271,"column":9}},"type":"if","locations":[{"start":{"line":267,"column":8},"end":{"line":271,"column":9}},{"start":{"line":269,"column":15},"end":{"line":271,"column":9}}],"line":267},"21":{"loc":{"start":{"line":268,"column":19},"end":{"line":268,"column":65}},"type":"cond-expr","locations":[{"start":{"line":268,"column":37},"end":{"line":268,"column":39}},{"start":{"line":268,"column":42},"end":{"line":268,"column":65}}],"line":268},"22":{"loc":{"start":{"line":268,"column":42},"end":{"line":268,"column":65}},"type":"cond-expr","locations":[{"start":{"line":268,"column":60},"end":{"line":268,"column":61}},{"start":{"line":268,"column":64},"end":{"line":268,"column":65}}],"line":268},"23":{"loc":{"start":{"line":270,"column":19},"end":{"line":270,"column":65}},"type":"cond-expr","locations":[{"start":{"line":270,"column":37},"end":{"line":270,"column":39}},{"start":{"line":270,"column":42},"end":{"line":270,"column":65}}],"line":270},"24":{"loc":{"start":{"line":270,"column":42},"end":{"line":270,"column":65}},"type":"cond-expr","locations":[{"start":{"line":270,"column":60},"end":{"line":270,"column":61}},{"start":{"line":270,"column":64},"end":{"line":270,"column":65}}],"line":270},"25":{"loc":{"start":{"line":287,"column":25},"end":{"line":287,"column":54}},"type":"binary-expr","locations":[{"start":{"line":287,"column":25},"end":{"line":287,"column":45}},{"start":{"line":287,"column":49},"end":{"line":287,"column":54}}],"line":287},"26":{"loc":{"start":{"line":288,"column":21},"end":{"line":288,"column":60}},"type":"cond-expr","locations":[{"start":{"line":288,"column":46},"end":{"line":288,"column":52}},{"start":{"line":288,"column":55},"end":{"line":288,"column":60}}],"line":288},"27":{"loc":{"start":{"line":305,"column":4},"end":{"line":305,"column":28}},"type":"if","locations":[{"start":{"line":305,"column":4},"end":{"line":305,"column":28}},{"start":{},"end":{}}],"line":305},"28":{"loc":{"start":{"line":311,"column":24},"end":{"line":312,"column":68}},"type":"binary-expr","locations":[{"start":{"line":311,"column":24},"end":{"line":311,"column":47}},{"start":{"line":312,"column":23},"end":{"line":312,"column":68}}],"line":311},"29":{"loc":{"start":{"line":313,"column":34},"end":{"line":313,"column":55}},"type":"cond-expr","locations":[{"start":{"line":313,"column":44},"end":{"line":313,"column":46}},{"start":{"line":313,"column":49},"end":{"line":313,"column":55}}],"line":313},"30":{"loc":{"start":{"line":321,"column":4},"end":{"line":321,"column":28}},"type":"if","locations":[{"start":{"line":321,"column":4},"end":{"line":321,"column":28}},{"start":{},"end":{}}],"line":321},"31":{"loc":{"start":{"line":327,"column":24},"end":{"line":328,"column":70}},"type":"binary-expr","locations":[{"start":{"line":327,"column":24},"end":{"line":327,"column":50}},{"start":{"line":328,"column":23},"end":{"line":328,"column":70}}],"line":327},"32":{"loc":{"start":{"line":329,"column":34},"end":{"line":329,"column":55}},"type":"cond-expr","locations":[{"start":{"line":329,"column":44},"end":{"line":329,"column":46}},{"start":{"line":329,"column":49},"end":{"line":329,"column":55}}],"line":329},"33":{"loc":{"start":{"line":338,"column":4},"end":{"line":338,"column":27}},"type":"if","locations":[{"start":{"line":338,"column":4},"end":{"line":338,"column":27}},{"start":{},"end":{}}],"line":338},"34":{"loc":{"start":{"line":343,"column":30},"end":{"line":343,"column":65}},"type":"cond-expr","locations":[{"start":{"line":343,"column":49},"end":{"line":343,"column":55}},{"start":{"line":343,"column":58},"end":{"line":343,"column":65}}],"line":343},"35":{"loc":{"start":{"line":351,"column":4},"end":{"line":374,"column":5}},"type":"if","locations":[{"start":{"line":351,"column":4},"end":{"line":374,"column":5}},{"start":{},"end":{}}],"line":351},"36":{"loc":{"start":{"line":351,"column":8},"end":{"line":351,"column":23}},"type":"binary-expr","locations":[{"start":{"line":351,"column":8},"end":{"line":351,"column":16}},{"start":{"line":351,"column":20},"end":{"line":351,"column":23}}],"line":351},"37":{"loc":{"start":{"line":360,"column":30},"end":{"line":360,"column":86}},"type":"binary-expr","locations":[{"start":{"line":360,"column":30},"end":{"line":360,"column":48}},{"start":{"line":360,"column":52},"end":{"line":360,"column":86}}],"line":360},"38":{"loc":{"start":{"line":363,"column":12},"end":{"line":367,"column":13}},"type":"if","locations":[{"start":{"line":363,"column":12},"end":{"line":367,"column":13}},{"start":{"line":365,"column":19},"end":{"line":367,"column":13}}],"line":363}},"s":{"0":5,"1":11,"2":11,"3":11,"4":11,"5":11,"6":11,"7":11,"8":11,"9":11,"10":11,"11":11,"12":11,"13":0,"14":11,"15":0,"16":11,"17":0,"18":11,"19":11,"20":0,"21":11,"22":11,"23":11,"24":11,"25":11,"26":11,"27":11,"28":6,"29":0,"30":6,"31":6,"32":6,"33":6,"34":6,"35":6,"36":6,"37":6,"38":6,"39":19,"40":19,"41":11,"42":10,"43":10,"44":6,"45":11,"46":11,"47":88,"48":80,"49":0,"50":1,"51":1,"52":1,"53":0,"54":0,"55":0,"56":0,"57":0,"58":0,"59":0,"60":0,"61":0,"62":0,"63":0,"64":0,"65":0,"66":0,"67":0,"68":0,"69":0,"70":0,"71":0,"72":0,"73":0,"74":0,"75":0,"76":0,"77":0,"78":0,"79":0,"80":0,"81":0,"82":0,"83":0,"84":0,"85":0,"86":0,"87":0,"88":0,"89":0,"90":0,"91":0,"92":0,"93":0,"94":0,"95":0,"96":0,"97":0,"98":0,"99":0,"100":0,"101":0,"102":0,"103":0,"104":0,"105":0,"106":0,"107":0,"108":0,"109":0,"110":0,"111":0,"112":0,"113":0,"114":0,"115":0,"116":0,"117":0,"118":0,"119":0,"120":0,"121":0,"122":0,"123":0,"124":0,"125":0,"126":0,"127":0,"128":0,"129":0,"130":0,"131":0,"132":0,"133":0,"134":0,"135":0,"136":0,"137":0,"138":0,"139":0,"140":0,"141":0,"142":0,"143":0,"144":0,"145":0,"146":0,"147":0,"148":0,"149":0,"150":0,"151":0,"152":0,"153":0,"154":0,"155":0,"156":0,"157":0,"158":0,"159":0,"160":0,"161":0,"162":0,"163":0,"164":0,"165":0,"166":0,"167":0,"168":0,"169":0},"f":{"0":11,"1":0,"2":0,"3":0,"4":0,"5":0,"6":11,"7":6,"8":19,"9":19,"10":11,"11":88,"12":0,"13":1,"14":0,"15":0,"16":0,"17":0,"18":0,"19":0,"20":0,"21":0,"22":0,"23":0,"24":0,"25":0,"26":0,"27":0,"28":0,"29":0,"30":0,"31":0,"32":0,"33":0,"34":0,"35":0,"36":0,"37":0,"38":0},"b":{"0":[0,11],"1":[0,6],"2":[10,1],"3":[6,4],"4":[80,8],"5":[0,0],"6":[0,0],"7":[0,0],"8":[0,0],"9":[0,0],"10":[0,0],"11":[0,0],"12":[0,0],"13":[0,0],"14":[0],"15":[0],"16":[0,0],"17":[0,0],"18":[0,0],"19":[0,0],"20":[0,0],"21":[0,0],"22":[0,0],"23":[0,0],"24":[0,0],"25":[0,0],"26":[0,0],"27":[0,0],"28":[0,0],"29":[0,0],"30":[0,0],"31":[0,0],"32":[0,0],"33":[0,0],"34":[0,0],"35":[0,0],"36":[0,0],"37":[0,0],"38":[0,0]},"inputSourceMap":null,"_coverageSchema":"1a1c01bbd47fc00a2c39e90264f33305004495a9","hash":"c8f757039ea9605c8f6b186345a2b5ecab6cb805"}
}
