TN:
SF:public/js/content-gallery.js
FN:2,(anonymous_0)
FN:36,(anonymous_1)
FN:38,(anonymous_2)
FN:39,(anonymous_3)
FN:40,(anonymous_4)
FN:41,(anonymous_5)
FN:44,(anonymous_6)
FN:56,(anonymous_7)
FN:59,(anonymous_8)
FN:64,(anonymous_9)
FN:67,(anonymous_10)
FN:76,(anonymous_11)
FN:119,(anonymous_12)
FN:128,(anonymous_13)
FN:135,(anonymous_14)
FN:137,(anonymous_15)
FN:144,(anonymous_16)
FN:174,(anonymous_17)
FN:176,(anonymous_18)
FN:183,(anonymous_19)
FN:217,(anonymous_20)
FN:220,(anonymous_21)
FN:223,(anonymous_22)
FN:237,(anonymous_23)
FN:244,(anonymous_24)
FN:247,(anonymous_25)
FN:270,(anonymous_26)
FN:271,(anonymous_27)
FN:277,(anonymous_28)
FN:283,(anonymous_29)
FN:291,(anonymous_30)
FN:342,(anonymous_31)
FN:430,(anonymous_32)
FN:445,(anonymous_33)
FN:456,(anonymous_34)
FN:482,(anonymous_35)
FN:498,(anonymous_36)
FN:513,(anonymous_37)
FN:526,(anonymous_38)
FN:534,(anonymous_39)
FN:540,(anonymous_40)
FN:549,(anonymous_41)
FN:560,(anonymous_42)
FN:571,(anonymous_43)
FNF:44
FNH:32
FNDA:23,(anonymous_0)
FNDA:23,(anonymous_1)
FNDA:2,(anonymous_2)
FNDA:2,(anonymous_3)
FNDA:2,(anonymous_4)
FNDA:1,(anonymous_5)
FNDA:32,(anonymous_6)
FNDA:0,(anonymous_7)
FNDA:35,(anonymous_8)
FNDA:0,(anonymous_9)
FNDA:102,(anonymous_10)
FNDA:51,(anonymous_11)
FNDA:6,(anonymous_12)
FNDA:80,(anonymous_13)
FNDA:6,(anonymous_14)
FNDA:4,(anonymous_15)
FNDA:7,(anonymous_16)
FNDA:3,(anonymous_17)
FNDA:4,(anonymous_18)
FNDA:345,(anonymous_19)
FNDA:80,(anonymous_20)
FNDA:270,(anonymous_21)
FNDA:270,(anonymous_22)
FNDA:0,(anonymous_23)
FNDA:270,(anonymous_24)
FNDA:394,(anonymous_25)
FNDA:0,(anonymous_26)
FNDA:0,(anonymous_27)
FNDA:0,(anonymous_28)
FNDA:0,(anonymous_29)
FNDA:0,(anonymous_30)
FNDA:80,(anonymous_31)
FNDA:0,(anonymous_32)
FNDA:1,(anonymous_33)
FNDA:0,(anonymous_34)
FNDA:5,(anonymous_35)
FNDA:5,(anonymous_36)
FNDA:3,(anonymous_37)
FNDA:3,(anonymous_38)
FNDA:0,(anonymous_39)
FNDA:35,(anonymous_40)
FNDA:3,(anonymous_41)
FNDA:270,(anonymous_42)
FNDA:0,(anonymous_43)
DA:4,23
DA:5,23
DA:6,23
DA:7,23
DA:8,23
DA:9,23
DA:10,23
DA:11,23
DA:14,23
DA:15,23
DA:18,23
DA:19,23
DA:20,23
DA:21,23
DA:22,23
DA:25,23
DA:26,23
DA:27,23
DA:29,23
DA:30,23
DA:33,23
DA:38,23
DA:39,23
DA:40,23
DA:41,23
DA:44,23
DA:45,32
DA:46,32
DA:47,0
DA:48,0
DA:49,0
DA:50,0
DA:56,23
DA:59,23
DA:60,35
DA:64,23
DA:68,102
DA:69,102
DA:71,102
DA:72,102
DA:78,51
DA:79,51
DA:81,51
DA:82,0
DA:83,0
DA:84,0
DA:87,51
DA:88,51
DA:89,51
DA:90,51
DA:92,51
DA:93,51
DA:94,57
DA:96,57
DA:100,54
DA:101,3
DA:104,51
DA:105,48
DA:106,48
DA:109,48
DA:111,48
DA:113,9
DA:114,9
DA:116,9
DA:117,3
DA:119,6
DA:124,51
DA:125,51
DA:130,80
DA:133,80
DA:134,80
DA:135,2
DA:136,6
DA:137,4
DA:142,80
DA:143,80
DA:144,3
DA:145,7
DA:146,7
DA:148,7
DA:150,0
DA:155,3
DA:160,4
DA:162,0
DA:164,0
DA:166,0
DA:172,80
DA:173,80
DA:174,1
DA:175,3
DA:176,4
DA:181,80
DA:182,80
DA:183,80
DA:184,345
DA:186,339
DA:188,2
DA:190,0
DA:192,4
DA:194,0
DA:200,80
DA:201,80
DA:202,80
DA:205,80
DA:208,80
DA:209,80
DA:210,80
DA:213,80
DA:214,80
DA:218,80
DA:220,270
DA:223,80
DA:224,270
DA:225,270
DA:227,270
DA:229,197
DA:230,197
DA:237,73
DA:238,0
DA:245,270
DA:246,270
DA:247,394
DA:254,270
DA:271,0
DA:273,0
DA:276,0
DA:277,0
DA:280,0
DA:283,0
DA:285,0
DA:286,0
DA:287,0
DA:288,0
DA:291,0
DA:292,0
DA:293,0
DA:294,0
DA:297,0
DA:300,0
DA:304,0
DA:305,0
DA:308,0
DA:309,0
DA:319,0
DA:320,0
DA:321,0
DA:332,0
DA:336,0
DA:338,0
DA:343,80
DA:344,80
DA:346,0
DA:349,0
DA:350,0
DA:355,0
DA:356,0
DA:363,0
DA:372,0
DA:381,0
DA:382,0
DA:385,0
DA:386,0
DA:390,0
DA:391,0
DA:398,0
DA:399,0
DA:408,0
DA:409,0
DA:418,0
DA:427,0
DA:431,0
DA:433,0
DA:436,0
DA:437,0
DA:438,0
DA:441,0
DA:442,0
DA:446,1
DA:448,1
DA:449,1
DA:450,1
DA:453,1
DA:457,0
DA:459,0
DA:462,0
DA:463,0
DA:469,0
DA:470,0
DA:472,0
DA:475,0
DA:483,5
DA:484,5
DA:485,5
DA:488,5
DA:489,5
DA:492,5
DA:495,5
DA:498,5
DA:499,5
DA:500,5
DA:501,5
DA:504,5
DA:505,5
DA:506,5
DA:507,5
DA:508,5
DA:513,5
DA:514,3
DA:515,1
DA:518,5
DA:521,5
DA:522,5
DA:526,5
DA:527,3
DA:528,3
DA:531,5
DA:534,5
DA:535,0
DA:537,5
DA:541,35
DA:542,35
DA:543,35
DA:544,35
DA:545,35
DA:550,3
DA:551,3
DA:561,270
DA:562,270
DA:563,270
DA:564,270
DA:565,270
DA:570,1
DA:571,1
DA:572,0
LF:234
LH:158
BRDA:46,0,0,0
BRDA:46,0,1,32
BRDA:49,1,0,0
BRDA:49,1,1,0
BRDA:49,2,0,0
BRDA:49,2,1,0
BRDA:60,3,0,35
BRDA:60,3,1,0
BRDA:68,4,0,102
BRDA:68,4,1,0
BRDA:71,5,0,102
BRDA:71,5,1,0
BRDA:81,6,0,0
BRDA:81,6,1,51
BRDA:100,7,0,3
BRDA:100,7,1,51
BRDA:116,8,0,3
BRDA:116,8,1,6
BRDA:133,9,0,80
BRDA:133,9,1,78
BRDA:134,10,0,2
BRDA:134,10,1,78
BRDA:136,11,0,6
BRDA:136,11,1,4
BRDA:136,11,2,4
BRDA:143,12,0,3
BRDA:143,12,1,77
BRDA:143,13,0,80
BRDA:143,13,1,3
BRDA:148,14,0,0
BRDA:148,14,1,3
BRDA:148,14,2,4
BRDA:148,14,3,0
BRDA:148,14,4,0
BRDA:148,14,5,0
BRDA:150,15,0,0
BRDA:150,15,1,0
BRDA:150,15,2,0
BRDA:150,15,3,0
BRDA:150,15,4,0
BRDA:155,16,0,3
BRDA:155,16,1,3
BRDA:155,16,2,1
BRDA:155,16,3,1
BRDA:155,16,4,1
BRDA:164,17,0,0
BRDA:164,17,1,0
BRDA:173,18,0,1
BRDA:173,18,1,79
BRDA:173,19,0,80
BRDA:173,19,1,1
BRDA:175,20,0,3
BRDA:175,20,1,0
BRDA:182,21,0,80
BRDA:182,21,1,0
BRDA:184,22,0,339
BRDA:184,22,1,2
BRDA:184,22,2,0
BRDA:184,22,3,4
BRDA:184,22,4,0
BRDA:218,23,0,0
BRDA:218,23,1,80
BRDA:227,24,0,197
BRDA:227,24,1,73
BRDA:230,25,0,197
BRDA:230,25,1,0
BRDA:246,26,0,270
BRDA:246,26,1,0
BRDA:285,27,0,0
BRDA:285,27,1,0
BRDA:297,28,0,0
BRDA:297,28,1,0
BRDA:297,28,2,0
BRDA:297,28,3,0
BRDA:297,28,4,0
BRDA:297,28,5,0
BRDA:297,28,6,0
BRDA:297,28,7,0
BRDA:297,28,8,0
BRDA:297,28,9,0
BRDA:297,28,10,0
BRDA:297,28,11,0
BRDA:297,28,12,0
BRDA:300,29,0,0
BRDA:300,29,1,0
BRDA:300,29,2,0
BRDA:304,30,0,0
BRDA:304,30,1,0
BRDA:344,31,0,80
BRDA:344,31,1,0
BRDA:349,32,0,0
BRDA:349,32,1,0
BRDA:355,33,0,0
BRDA:355,33,1,0
BRDA:373,34,0,0
BRDA:373,34,1,0
BRDA:375,35,0,0
BRDA:375,35,1,0
BRDA:385,36,0,0
BRDA:385,36,1,0
BRDA:390,37,0,0
BRDA:390,37,1,0
BRDA:393,38,0,0
BRDA:393,38,1,0
BRDA:400,39,0,0
BRDA:400,39,1,0
BRDA:408,40,0,0
BRDA:408,40,1,0
BRDA:410,41,0,0
BRDA:410,41,1,0
BRDA:419,42,0,0
BRDA:419,42,1,0
BRDA:421,43,0,0
BRDA:421,43,1,0
BRDA:431,44,0,0
BRDA:431,44,1,0
BRDA:431,45,0,0
BRDA:431,45,1,0
BRDA:446,46,0,0
BRDA:446,46,1,1
BRDA:449,47,0,1
BRDA:449,47,1,0
BRDA:459,48,0,0
BRDA:459,48,1,0
BRDA:459,48,2,0
BRDA:459,48,3,0
BRDA:459,48,4,0
BRDA:459,48,5,0
BRDA:459,48,6,0
BRDA:459,48,7,0
BRDA:507,49,0,5
BRDA:507,49,1,0
BRDA:514,50,0,1
BRDA:514,50,1,2
BRDA:521,51,0,5
BRDA:521,51,1,0
BRDA:527,52,0,3
BRDA:527,52,1,0
BRDA:542,53,0,35
BRDA:542,53,1,0
BRDA:550,54,0,3
BRDA:550,54,1,0
BRDA:561,55,0,0
BRDA:561,55,1,270
BRDA:570,56,0,1
BRDA:570,56,1,0
BRF:146
BRH:53
end_of_record
