TN:
SF:modal.js
FN:2,createElement
FN:4,(anonymous_1)
FN:12,(anonymous_2)
FN:25,(anonymous_3)
FN:32,(anonymous_4)
FN:39,(anonymous_5)
FN:45,(anonymous_6)
FN:54,(anonymous_7)
FN:69,(anonymous_8)
FN:75,(anonymous_9)
FN:108,(anonymous_10)
FNF:11
FNH:3
FNDA:39,createElement
FNDA:65,(anonymous_1)
FNDA:13,(anonymous_2)
FNDA:0,(anonymous_3)
FNDA:0,(anonymous_4)
FNDA:0,(anonymous_5)
FNDA:0,(anonymous_6)
FNDA:0,(anonymous_7)
FNDA:0,(anonymous_8)
FNDA:0,(anonymous_9)
FNDA:0,(anonymous_10)
DA:3,39
DA:4,39
DA:5,65
DA:7,39
DA:11,1
DA:13,13
DA:14,13
DA:15,13
DA:17,13
DA:18,13
DA:19,13
DA:22,13
DA:25,13
DA:26,0
DA:27,0
DA:32,13
DA:33,0
DA:34,0
DA:39,13
DA:40,0
DA:41,0
DA:45,13
DA:46,0
DA:47,0
DA:51,13
DA:55,0
DA:56,0
DA:57,0
DA:60,0
DA:62,0
DA:63,0
DA:64,0
DA:65,0
DA:68,0
DA:69,0
DA:70,0
DA:71,0
DA:76,0
DA:77,0
DA:78,0
DA:80,0
DA:81,0
DA:82,0
DA:83,0
DA:85,0
DA:86,0
DA:88,0
DA:91,0
DA:92,0
DA:102,1
DA:103,0
DA:107,1
DA:108,1
DA:109,0
LF:54
LH:20
BRDA:2,0,0,0
BRDA:26,1,0,0
BRDA:26,1,1,0
BRDA:33,2,0,0
BRDA:33,2,1,0
BRDA:46,3,0,0
BRDA:46,3,1,0
BRDA:55,4,0,0
BRDA:55,4,1,0
BRDA:63,5,0,0
BRDA:63,5,1,0
BRDA:80,6,0,0
BRDA:80,6,1,0
BRDA:82,7,0,0
BRDA:82,7,1,0
BRDA:85,8,0,0
BRDA:85,8,1,0
BRDA:91,9,0,0
BRDA:91,9,1,0
BRDA:91,10,0,0
BRDA:91,10,1,0
BRDA:102,11,0,0
BRDA:102,11,1,1
BRDA:102,12,0,1
BRDA:102,12,1,0
BRDA:107,13,0,1
BRDA:107,13,1,0
BRF:27
BRH:3
end_of_record
